2018-09-16 at 00:59:25 CST INFO  org.springframework.boot.StartupInfoLogger 50 logStarting - Starting CycInfoContentTest on DESKTOP-I21GJFC with PID 5324 (started by huzuxing in D:\projects\product\platform-mall\platform-api)
2018-09-16 at 00:59:25 CST INFO  org.springframework.boot.SpringApplication 652 logStartupProfileInfo - No active profile set, falling back to default profiles: default
2018-09-16 at 00:59:30 CST INFO  com.alibaba.druid.pool.DruidDataSource 930 init - {dataSource-1} inited
2018-09-16 at 01:00:58 CST INFO  org.springframework.boot.StartupInfoLogger 50 logStarting - Starting CycInfoContentTest on DESKTOP-I21GJFC with PID 8556 (started by huzuxing in D:\projects\product\platform-mall\platform-api)
2018-09-16 at 01:00:58 CST INFO  org.springframework.boot.SpringApplication 652 logStartupProfileInfo - No active profile set, falling back to default profiles: default
2018-09-16 at 01:01:00 CST INFO  com.alibaba.druid.pool.DruidDataSource 930 init - {dataSource-1} inited
2018-09-16 at 01:01:32 CST INFO  org.springframework.boot.StartupInfoLogger 50 logStarting - Starting CycInfoContentTest on DESKTOP-I21GJFC with PID 5372 (started by huzuxing in D:\projects\product\platform-mall\platform-api)
2018-09-16 at 01:01:32 CST INFO  org.springframework.boot.SpringApplication 652 logStartupProfileInfo - No active profile set, falling back to default profiles: default
2018-09-16 at 01:01:34 CST INFO  com.alibaba.druid.pool.DruidDataSource 930 init - {dataSource-1} inited
2018-09-16 at 01:01:45 CST INFO  org.springframework.boot.StartupInfoLogger 50 logStarting - Starting CycInfoContentTest on DESKTOP-I21GJFC with PID 16332 (started by huzuxing in D:\projects\product\platform-mall\platform-api)
2018-09-16 at 01:01:45 CST INFO  org.springframework.boot.SpringApplication 652 logStartupProfileInfo - No active profile set, falling back to default profiles: default
2018-09-16 at 01:01:48 CST INFO  com.alibaba.druid.pool.DruidDataSource 930 init - {dataSource-1} inited
2018-09-16 at 01:01:48 CST INFO  org.hibernate.jpa.internal.util.LogHelper 31 logPersistenceUnitInformation - HHH000204: Processing PersistenceUnitInfo [
	name: default
	...]
2018-09-16 at 01:01:49 CST INFO  org.hibernate.Version 45 logVersion - HHH000412: Hibernate Core {5.2.14.Final}
2018-09-16 at 01:01:49 CST INFO  org.hibernate.cfg.Environment 213 <clinit> - HHH000206: hibernate.properties not found
2018-09-16 at 01:01:49 CST INFO  org.hibernate.annotations.common.reflection.java.JavaReflectionManager 66 <clinit> - HCANN000001: Hibernate Commons Annotations {5.0.1.Final}
2018-09-16 at 01:01:49 CST INFO  org.hibernate.dialect.Dialect 157 <init> - HHH000400: Using dialect: org.hibernate.dialect.MySQL5Dialect
2018-09-16 at 01:01:55 CST INFO  org.springframework.boot.StartupInfoLogger 59 logStarted - Started CycInfoContentTest in 9.963 seconds (JVM running for 12.572)
2018-09-16 at 01:02:01 CST INFO  com.alibaba.druid.pool.DruidDataSource 1825 close - {dataSource-1} closed
2018-09-16 at 01:02:25 CST INFO  org.springframework.boot.StartupInfoLogger 50 logStarting - Starting CycInfoContentTest on DESKTOP-I21GJFC with PID 14992 (started by huzuxing in D:\projects\product\platform-mall\platform-api)
2018-09-16 at 01:02:25 CST INFO  org.springframework.boot.SpringApplication 652 logStartupProfileInfo - No active profile set, falling back to default profiles: default
2018-09-16 at 01:02:27 CST INFO  com.alibaba.druid.pool.DruidDataSource 930 init - {dataSource-1} inited
2018-09-16 at 01:02:28 CST INFO  org.hibernate.jpa.internal.util.LogHelper 31 logPersistenceUnitInformation - HHH000204: Processing PersistenceUnitInfo [
	name: default
	...]
2018-09-16 at 01:02:28 CST INFO  org.hibernate.Version 45 logVersion - HHH000412: Hibernate Core {5.2.14.Final}
2018-09-16 at 01:02:28 CST INFO  org.hibernate.cfg.Environment 213 <clinit> - HHH000206: hibernate.properties not found
2018-09-16 at 01:02:28 CST INFO  org.hibernate.annotations.common.reflection.java.JavaReflectionManager 66 <clinit> - HCANN000001: Hibernate Commons Annotations {5.0.1.Final}
2018-09-16 at 01:02:28 CST INFO  org.hibernate.dialect.Dialect 157 <init> - HHH000400: Using dialect: org.hibernate.dialect.MySQL5Dialect
2018-09-16 at 01:02:32 CST INFO  org.springframework.boot.StartupInfoLogger 59 logStarted - Started CycInfoContentTest in 7.196 seconds (JVM running for 9.401)
2018-09-16 at 01:03:08 CST INFO  com.alibaba.druid.pool.DruidDataSource 1825 close - {dataSource-1} closed
2018-09-16 at 01:03:31 CST INFO  org.springframework.boot.StartupInfoLogger 50 logStarting - Starting CycInfoContentTest on DESKTOP-I21GJFC with PID 16368 (started by huzuxing in D:\projects\product\platform-mall\platform-api)
2018-09-16 at 01:03:31 CST INFO  org.springframework.boot.SpringApplication 652 logStartupProfileInfo - No active profile set, falling back to default profiles: default
2018-09-16 at 01:03:33 CST INFO  com.alibaba.druid.pool.DruidDataSource 930 init - {dataSource-1} inited
2018-09-16 at 01:03:34 CST INFO  org.hibernate.jpa.internal.util.LogHelper 31 logPersistenceUnitInformation - HHH000204: Processing PersistenceUnitInfo [
	name: default
	...]
2018-09-16 at 01:03:34 CST INFO  org.hibernate.Version 45 logVersion - HHH000412: Hibernate Core {5.2.14.Final}
2018-09-16 at 01:03:34 CST INFO  org.hibernate.cfg.Environment 213 <clinit> - HHH000206: hibernate.properties not found
2018-09-16 at 01:03:34 CST INFO  org.hibernate.annotations.common.reflection.java.JavaReflectionManager 66 <clinit> - HCANN000001: Hibernate Commons Annotations {5.0.1.Final}
2018-09-16 at 01:03:34 CST INFO  org.hibernate.dialect.Dialect 157 <init> - HHH000400: Using dialect: org.hibernate.dialect.MySQL5Dialect
2018-09-16 at 01:03:37 CST INFO  org.springframework.boot.StartupInfoLogger 59 logStarted - Started CycInfoContentTest in 6.923 seconds (JVM running for 9.611)
2018-09-16 at 01:03:52 CST INFO  com.alibaba.druid.pool.DruidDataSource 1825 close - {dataSource-1} closed
2018-09-16 at 01:04:27 CST INFO  org.springframework.boot.StartupInfoLogger 50 logStarting - Starting CycInfoContentTest on DESKTOP-I21GJFC with PID 3720 (started by huzuxing in D:\projects\product\platform-mall\platform-api)
2018-09-16 at 01:04:27 CST INFO  org.springframework.boot.SpringApplication 652 logStartupProfileInfo - No active profile set, falling back to default profiles: default
2018-09-16 at 01:04:30 CST INFO  com.alibaba.druid.pool.DruidDataSource 930 init - {dataSource-1} inited
2018-09-16 at 01:04:31 CST INFO  org.hibernate.jpa.internal.util.LogHelper 31 logPersistenceUnitInformation - HHH000204: Processing PersistenceUnitInfo [
	name: default
	...]
2018-09-16 at 01:04:31 CST INFO  org.hibernate.Version 45 logVersion - HHH000412: Hibernate Core {5.2.14.Final}
2018-09-16 at 01:04:31 CST INFO  org.hibernate.cfg.Environment 213 <clinit> - HHH000206: hibernate.properties not found
2018-09-16 at 01:04:31 CST INFO  org.hibernate.annotations.common.reflection.java.JavaReflectionManager 66 <clinit> - HCANN000001: Hibernate Commons Annotations {5.0.1.Final}
2018-09-16 at 01:04:31 CST INFO  org.hibernate.dialect.Dialect 157 <init> - HHH000400: Using dialect: org.hibernate.dialect.MySQL5Dialect
2018-09-16 at 01:04:34 CST INFO  org.springframework.boot.StartupInfoLogger 59 logStarted - Started CycInfoContentTest in 7.235 seconds (JVM running for 9.583)
2018-09-16 at 01:05:01 CST INFO  com.alibaba.druid.pool.DruidDataSource 1825 close - {dataSource-1} closed
2018-09-16 at 01:07:42 CST INFO  org.springframework.boot.StartupInfoLogger 50 logStarting - Starting CycInfoContentTest on DESKTOP-I21GJFC with PID 9308 (started by huzuxing in D:\projects\product\platform-mall\platform-api)
2018-09-16 at 01:07:42 CST INFO  org.springframework.boot.SpringApplication 652 logStartupProfileInfo - No active profile set, falling back to default profiles: default
2018-09-16 at 01:07:45 CST INFO  com.alibaba.druid.pool.DruidDataSource 930 init - {dataSource-1} inited
2018-09-16 at 01:07:45 CST INFO  org.hibernate.jpa.internal.util.LogHelper 31 logPersistenceUnitInformation - HHH000204: Processing PersistenceUnitInfo [
	name: default
	...]
2018-09-16 at 01:07:46 CST INFO  org.hibernate.Version 45 logVersion - HHH000412: Hibernate Core {5.2.14.Final}
2018-09-16 at 01:07:46 CST INFO  org.hibernate.cfg.Environment 213 <clinit> - HHH000206: hibernate.properties not found
2018-09-16 at 01:07:46 CST INFO  org.hibernate.annotations.common.reflection.java.JavaReflectionManager 66 <clinit> - HCANN000001: Hibernate Commons Annotations {5.0.1.Final}
2018-09-16 at 01:07:46 CST INFO  org.hibernate.dialect.Dialect 157 <init> - HHH000400: Using dialect: org.hibernate.dialect.MySQL5Dialect
2018-09-16 at 01:07:51 CST INFO  org.springframework.boot.StartupInfoLogger 59 logStarted - Started CycInfoContentTest in 9.178 seconds (JVM running for 12.143)
2018-09-16 at 01:07:59 CST INFO  com.alibaba.druid.pool.DruidDataSource 1825 close - {dataSource-1} closed
2018-09-16 at 01:08:08 CST INFO  org.springframework.boot.StartupInfoLogger 50 logStarting - Starting CycInfoContentTest on DESKTOP-I21GJFC with PID 4248 (started by huzuxing in D:\projects\product\platform-mall\platform-api)
2018-09-16 at 01:08:08 CST INFO  org.springframework.boot.SpringApplication 652 logStartupProfileInfo - No active profile set, falling back to default profiles: default
2018-09-16 at 01:08:11 CST INFO  com.alibaba.druid.pool.DruidDataSource 930 init - {dataSource-1} inited
2018-09-16 at 01:08:12 CST INFO  org.hibernate.jpa.internal.util.LogHelper 31 logPersistenceUnitInformation - HHH000204: Processing PersistenceUnitInfo [
	name: default
	...]
2018-09-16 at 01:08:12 CST INFO  org.hibernate.Version 45 logVersion - HHH000412: Hibernate Core {5.2.14.Final}
2018-09-16 at 01:08:12 CST INFO  org.hibernate.cfg.Environment 213 <clinit> - HHH000206: hibernate.properties not found
2018-09-16 at 01:08:12 CST INFO  org.hibernate.annotations.common.reflection.java.JavaReflectionManager 66 <clinit> - HCANN000001: Hibernate Commons Annotations {5.0.1.Final}
2018-09-16 at 01:08:12 CST INFO  org.hibernate.dialect.Dialect 157 <init> - HHH000400: Using dialect: org.hibernate.dialect.MySQL5Dialect
2018-09-16 at 01:08:16 CST INFO  org.springframework.boot.StartupInfoLogger 59 logStarted - Started CycInfoContentTest in 8.354 seconds (JVM running for 10.588)
2018-09-16 at 01:08:17 CST INFO  com.alibaba.druid.pool.DruidDataSource 1825 close - {dataSource-1} closed
2018-09-16 at 01:09:08 CST INFO  org.springframework.boot.StartupInfoLogger 50 logStarting - Starting CycInfoContentTest on DESKTOP-I21GJFC with PID 8680 (started by huzuxing in D:\projects\product\platform-mall\platform-api)
2018-09-16 at 01:09:08 CST INFO  org.springframework.boot.SpringApplication 652 logStartupProfileInfo - No active profile set, falling back to default profiles: default
2018-09-16 at 01:09:12 CST INFO  com.alibaba.druid.pool.DruidDataSource 930 init - {dataSource-1} inited
2018-09-16 at 01:09:12 CST INFO  org.hibernate.jpa.internal.util.LogHelper 31 logPersistenceUnitInformation - HHH000204: Processing PersistenceUnitInfo [
	name: default
	...]
2018-09-16 at 01:09:12 CST INFO  org.hibernate.Version 45 logVersion - HHH000412: Hibernate Core {5.2.14.Final}
2018-09-16 at 01:09:12 CST INFO  org.hibernate.cfg.Environment 213 <clinit> - HHH000206: hibernate.properties not found
2018-09-16 at 01:09:12 CST INFO  org.hibernate.annotations.common.reflection.java.JavaReflectionManager 66 <clinit> - HCANN000001: Hibernate Commons Annotations {5.0.1.Final}
2018-09-16 at 01:09:13 CST INFO  org.hibernate.dialect.Dialect 157 <init> - HHH000400: Using dialect: org.hibernate.dialect.MySQL5Dialect
2018-09-16 at 01:09:16 CST INFO  org.springframework.boot.StartupInfoLogger 59 logStarted - Started CycInfoContentTest in 7.732 seconds (JVM running for 9.918)
2018-09-16 at 01:09:16 CST INFO  com.alibaba.druid.pool.DruidDataSource 1825 close - {dataSource-1} closed
2018-09-16 at 01:12:38 CST INFO  org.springframework.boot.StartupInfoLogger 50 logStarting - Starting CycInfoContentTest on DESKTOP-I21GJFC with PID 17364 (started by huzuxing in D:\projects\product\platform-mall\platform-api)
2018-09-16 at 01:12:38 CST INFO  org.springframework.boot.SpringApplication 652 logStartupProfileInfo - No active profile set, falling back to default profiles: default
2018-09-16 at 01:12:40 CST INFO  com.alibaba.druid.pool.DruidDataSource 930 init - {dataSource-1} inited
2018-09-16 at 01:12:41 CST INFO  org.hibernate.jpa.internal.util.LogHelper 31 logPersistenceUnitInformation - HHH000204: Processing PersistenceUnitInfo [
	name: default
	...]
2018-09-16 at 01:12:41 CST INFO  org.hibernate.Version 45 logVersion - HHH000412: Hibernate Core {5.2.14.Final}
2018-09-16 at 01:12:41 CST INFO  org.hibernate.cfg.Environment 213 <clinit> - HHH000206: hibernate.properties not found
2018-09-16 at 01:12:41 CST INFO  org.hibernate.annotations.common.reflection.java.JavaReflectionManager 66 <clinit> - HCANN000001: Hibernate Commons Annotations {5.0.1.Final}
2018-09-16 at 01:12:41 CST INFO  org.hibernate.dialect.Dialect 157 <init> - HHH000400: Using dialect: org.hibernate.dialect.MySQL5Dialect
2018-09-16 at 01:12:45 CST INFO  org.springframework.boot.StartupInfoLogger 59 logStarted - Started CycInfoContentTest in 7.589 seconds (JVM running for 10.259)
2018-09-16 at 01:12:45 CST INFO  com.alibaba.druid.pool.DruidDataSource 1825 close - {dataSource-1} closed
2018-09-16 at 01:17:48 CST INFO  org.springframework.boot.StartupInfoLogger 50 logStarting - Starting CycInfoContentTest on DESKTOP-I21GJFC with PID 15708 (started by huzuxing in D:\projects\product\platform-mall\platform-api)
2018-09-16 at 01:17:48 CST INFO  org.springframework.boot.SpringApplication 652 logStartupProfileInfo - No active profile set, falling back to default profiles: default
2018-09-16 at 01:17:51 CST INFO  com.alibaba.druid.pool.DruidDataSource 930 init - {dataSource-1} inited
2018-09-16 at 01:17:51 CST INFO  org.hibernate.jpa.internal.util.LogHelper 31 logPersistenceUnitInformation - HHH000204: Processing PersistenceUnitInfo [
	name: default
	...]
2018-09-16 at 01:17:51 CST INFO  org.hibernate.Version 45 logVersion - HHH000412: Hibernate Core {5.2.14.Final}
2018-09-16 at 01:17:51 CST INFO  org.hibernate.cfg.Environment 213 <clinit> - HHH000206: hibernate.properties not found
2018-09-16 at 01:17:51 CST INFO  org.hibernate.annotations.common.reflection.java.JavaReflectionManager 66 <clinit> - HCANN000001: Hibernate Commons Annotations {5.0.1.Final}
2018-09-16 at 01:17:52 CST INFO  org.hibernate.dialect.Dialect 157 <init> - HHH000400: Using dialect: org.hibernate.dialect.MySQL5Dialect
2018-09-16 at 01:17:55 CST INFO  org.springframework.boot.StartupInfoLogger 59 logStarted - Started CycInfoContentTest in 7.936 seconds (JVM running for 10.425)
2018-09-16 at 01:18:07 CST INFO  com.alibaba.druid.pool.DruidDataSource 1825 close - {dataSource-1} closed
2018-09-16 at 01:18:43 CST INFO  org.springframework.boot.StartupInfoLogger 50 logStarting - Starting CycInfoContentTest on DESKTOP-I21GJFC with PID 14480 (started by huzuxing in D:\projects\product\platform-mall\platform-api)
2018-09-16 at 01:18:43 CST INFO  org.springframework.boot.SpringApplication 652 logStartupProfileInfo - No active profile set, falling back to default profiles: default
2018-09-16 at 01:18:46 CST INFO  com.alibaba.druid.pool.DruidDataSource 930 init - {dataSource-1} inited
2018-09-16 at 01:18:46 CST INFO  org.hibernate.jpa.internal.util.LogHelper 31 logPersistenceUnitInformation - HHH000204: Processing PersistenceUnitInfo [
	name: default
	...]
2018-09-16 at 01:18:46 CST INFO  org.hibernate.Version 45 logVersion - HHH000412: Hibernate Core {5.2.14.Final}
2018-09-16 at 01:18:46 CST INFO  org.hibernate.cfg.Environment 213 <clinit> - HHH000206: hibernate.properties not found
2018-09-16 at 01:18:46 CST INFO  org.hibernate.annotations.common.reflection.java.JavaReflectionManager 66 <clinit> - HCANN000001: Hibernate Commons Annotations {5.0.1.Final}
2018-09-16 at 01:18:46 CST INFO  org.hibernate.dialect.Dialect 157 <init> - HHH000400: Using dialect: org.hibernate.dialect.MySQL5Dialect
2018-09-16 at 01:18:50 CST INFO  org.springframework.boot.StartupInfoLogger 59 logStarted - Started CycInfoContentTest in 6.712 seconds (JVM running for 9.004)
2018-09-16 at 01:18:57 CST INFO  com.alibaba.druid.pool.DruidDataSource 1825 close - {dataSource-1} closed
2018-09-16 at 01:19:29 CST INFO  org.springframework.boot.StartupInfoLogger 50 logStarting - Starting CycInfoContentTest on DESKTOP-I21GJFC with PID 13560 (started by huzuxing in D:\projects\product\platform-mall\platform-api)
2018-09-16 at 01:19:29 CST INFO  org.springframework.boot.SpringApplication 652 logStartupProfileInfo - No active profile set, falling back to default profiles: default
2018-09-16 at 01:19:31 CST INFO  com.alibaba.druid.pool.DruidDataSource 930 init - {dataSource-1} inited
2018-09-16 at 01:19:31 CST INFO  org.hibernate.jpa.internal.util.LogHelper 31 logPersistenceUnitInformation - HHH000204: Processing PersistenceUnitInfo [
	name: default
	...]
2018-09-16 at 01:19:32 CST INFO  org.hibernate.Version 45 logVersion - HHH000412: Hibernate Core {5.2.14.Final}
2018-09-16 at 01:19:32 CST INFO  org.hibernate.cfg.Environment 213 <clinit> - HHH000206: hibernate.properties not found
2018-09-16 at 01:19:32 CST INFO  org.hibernate.annotations.common.reflection.java.JavaReflectionManager 66 <clinit> - HCANN000001: Hibernate Commons Annotations {5.0.1.Final}
2018-09-16 at 01:19:32 CST INFO  org.hibernate.dialect.Dialect 157 <init> - HHH000400: Using dialect: org.hibernate.dialect.MySQL5Dialect
2018-09-16 at 01:19:35 CST INFO  org.springframework.boot.StartupInfoLogger 59 logStarted - Started CycInfoContentTest in 6.753 seconds (JVM running for 8.949)
2018-09-16 at 01:19:35 CST INFO  com.alibaba.druid.pool.DruidDataSource 1825 close - {dataSource-1} closed
2018-09-16 at 01:21:05 CST INFO  org.springframework.boot.StartupInfoLogger 50 logStarting - Starting CycInfoContentTest on DESKTOP-I21GJFC with PID 10868 (started by huzuxing in D:\projects\product\platform-mall\platform-api)
2018-09-16 at 01:21:05 CST INFO  org.springframework.boot.SpringApplication 652 logStartupProfileInfo - No active profile set, falling back to default profiles: default
2018-09-16 at 01:21:07 CST INFO  com.alibaba.druid.pool.DruidDataSource 930 init - {dataSource-1} inited
2018-09-16 at 01:21:07 CST INFO  org.hibernate.jpa.internal.util.LogHelper 31 logPersistenceUnitInformation - HHH000204: Processing PersistenceUnitInfo [
	name: default
	...]
2018-09-16 at 01:21:08 CST INFO  org.hibernate.Version 45 logVersion - HHH000412: Hibernate Core {5.2.14.Final}
2018-09-16 at 01:21:08 CST INFO  org.hibernate.cfg.Environment 213 <clinit> - HHH000206: hibernate.properties not found
2018-09-16 at 01:21:08 CST INFO  org.hibernate.annotations.common.reflection.java.JavaReflectionManager 66 <clinit> - HCANN000001: Hibernate Commons Annotations {5.0.1.Final}
2018-09-16 at 01:21:08 CST INFO  org.hibernate.dialect.Dialect 157 <init> - HHH000400: Using dialect: org.hibernate.dialect.MySQL5Dialect
2018-09-16 at 01:21:11 CST INFO  org.springframework.boot.StartupInfoLogger 59 logStarted - Started CycInfoContentTest in 6.997 seconds (JVM running for 9.205)
2018-09-16 at 01:21:12 CST INFO  com.alibaba.druid.pool.DruidDataSource 1825 close - {dataSource-1} closed
2018-09-16 at 10:43:20 CST INFO  org.springframework.boot.StartupInfoLogger 50 logStarting - Starting CycInfoContentTest on DESKTOP-I21GJFC with PID 17208 (started by huzuxing in D:\projects\product\platform-mall\platform-api)
2018-09-16 at 10:43:20 CST INFO  org.springframework.boot.SpringApplication 652 logStartupProfileInfo - No active profile set, falling back to default profiles: default
2018-09-16 at 10:43:24 CST INFO  com.alibaba.druid.pool.DruidDataSource 930 init - {dataSource-1} inited
2018-09-16 at 10:43:24 CST INFO  org.hibernate.jpa.internal.util.LogHelper 31 logPersistenceUnitInformation - HHH000204: Processing PersistenceUnitInfo [
	name: default
	...]
2018-09-16 at 10:43:25 CST INFO  org.hibernate.Version 45 logVersion - HHH000412: Hibernate Core {5.2.14.Final}
2018-09-16 at 10:43:25 CST INFO  org.hibernate.cfg.Environment 213 <clinit> - HHH000206: hibernate.properties not found
2018-09-16 at 10:43:25 CST INFO  org.hibernate.annotations.common.reflection.java.JavaReflectionManager 66 <clinit> - HCANN000001: Hibernate Commons Annotations {5.0.1.Final}
2018-09-16 at 10:43:25 CST INFO  org.hibernate.dialect.Dialect 157 <init> - HHH000400: Using dialect: org.hibernate.dialect.MySQL5Dialect
2018-09-16 at 10:43:30 CST INFO  org.springframework.boot.StartupInfoLogger 59 logStarted - Started CycInfoContentTest in 11.302 seconds (JVM running for 14.028)
2018-09-16 at 10:43:31 CST INFO  com.alibaba.druid.pool.DruidDataSource 1825 close - {dataSource-1} closed
2018-09-16 at 10:46:21 CST INFO  org.springframework.boot.StartupInfoLogger 50 logStarting - Starting CycInfoContentTest on DESKTOP-I21GJFC with PID 16424 (started by huzuxing in D:\projects\product\platform-mall\platform-api)
2018-09-16 at 10:46:21 CST INFO  org.springframework.boot.SpringApplication 652 logStartupProfileInfo - No active profile set, falling back to default profiles: default
2018-09-16 at 10:46:24 CST INFO  com.alibaba.druid.pool.DruidDataSource 930 init - {dataSource-1} inited
2018-09-16 at 10:46:24 CST INFO  org.hibernate.jpa.internal.util.LogHelper 31 logPersistenceUnitInformation - HHH000204: Processing PersistenceUnitInfo [
	name: default
	...]
2018-09-16 at 10:46:24 CST INFO  org.hibernate.Version 45 logVersion - HHH000412: Hibernate Core {5.2.14.Final}
2018-09-16 at 10:46:24 CST INFO  org.hibernate.cfg.Environment 213 <clinit> - HHH000206: hibernate.properties not found
2018-09-16 at 10:46:24 CST INFO  org.hibernate.annotations.common.reflection.java.JavaReflectionManager 66 <clinit> - HCANN000001: Hibernate Commons Annotations {5.0.1.Final}
2018-09-16 at 10:46:24 CST INFO  org.hibernate.dialect.Dialect 157 <init> - HHH000400: Using dialect: org.hibernate.dialect.MySQL5Dialect
2018-09-16 at 10:46:28 CST INFO  org.springframework.boot.StartupInfoLogger 59 logStarted - Started CycInfoContentTest in 6.606 seconds (JVM running for 8.767)
2018-09-16 at 10:46:45 CST INFO  com.alibaba.druid.pool.DruidDataSource 1825 close - {dataSource-1} closed
2018-09-16 at 10:47:43 CST INFO  org.springframework.boot.StartupInfoLogger 50 logStarting - Starting CycInfoContentTest on DESKTOP-I21GJFC with PID 15352 (started by huzuxing in D:\projects\product\platform-mall\platform-api)
2018-09-16 at 10:47:43 CST INFO  org.springframework.boot.SpringApplication 652 logStartupProfileInfo - No active profile set, falling back to default profiles: default
2018-09-16 at 10:47:46 CST INFO  com.alibaba.druid.pool.DruidDataSource 930 init - {dataSource-1} inited
2018-09-16 at 10:47:46 CST INFO  org.hibernate.jpa.internal.util.LogHelper 31 logPersistenceUnitInformation - HHH000204: Processing PersistenceUnitInfo [
	name: default
	...]
2018-09-16 at 10:47:46 CST INFO  org.hibernate.Version 45 logVersion - HHH000412: Hibernate Core {5.2.14.Final}
2018-09-16 at 10:47:46 CST INFO  org.hibernate.cfg.Environment 213 <clinit> - HHH000206: hibernate.properties not found
2018-09-16 at 10:47:46 CST INFO  org.hibernate.annotations.common.reflection.java.JavaReflectionManager 66 <clinit> - HCANN000001: Hibernate Commons Annotations {5.0.1.Final}
2018-09-16 at 10:47:47 CST INFO  org.hibernate.dialect.Dialect 157 <init> - HHH000400: Using dialect: org.hibernate.dialect.MySQL5Dialect
2018-09-16 at 10:47:50 CST INFO  org.springframework.boot.StartupInfoLogger 59 logStarted - Started CycInfoContentTest in 6.856 seconds (JVM running for 9.309)
2018-09-16 at 10:48:04 CST INFO  com.alibaba.druid.pool.DruidDataSource 1825 close - {dataSource-1} closed
