2018-09-16 at 10:55:27 CST INFO  org.springframework.boot.StartupInfoLogger 50 logStarting - Starting CycInfoChannelTest on DESKTOP-I21GJFC with PID 1012 (started by huzuxing in D:\projects\product\platform-mall\platform-admin)
2018-09-16 at 10:55:27 CST INFO  org.springframework.boot.SpringApplication 652 logStartupProfileInfo - No active profile set, falling back to default profiles: default
2018-09-16 at 10:55:29 CST INFO  com.alibaba.druid.pool.DruidDataSource 930 init - {dataSource-1} inited
2018-09-16 at 10:55:29 CST INFO  org.hibernate.jpa.internal.util.LogHelper 31 logPersistenceUnitInformation - HHH000204: Processing PersistenceUnitInfo [
	name: default
	...]
2018-09-16 at 10:55:30 CST INFO  org.hibernate.Version 45 logVersion - HHH000412: Hibernate Core {5.2.14.Final}
2018-09-16 at 10:55:30 CST INFO  org.hibernate.cfg.Environment 213 <clinit> - HHH000206: hibernate.properties not found
2018-09-16 at 10:55:30 CST INFO  org.hibernate.annotations.common.reflection.java.JavaReflectionManager 66 <clinit> - HCANN000001: Hibernate Commons Annotations {5.0.1.Final}
2018-09-16 at 10:55:30 CST INFO  org.hibernate.dialect.Dialect 157 <init> - HHH000400: Using dialect: org.hibernate.dialect.MySQL5Dialect
2018-09-16 at 10:55:33 CST INFO  org.springframework.boot.StartupInfoLogger 59 logStarted - Started CycInfoChannelTest in 6.112 seconds (JVM running for 8.609)
2018-09-16 at 10:55:33 CST INFO  com.alibaba.druid.pool.DruidDataSource 1825 close - {dataSource-1} closed
2018-09-16 at 10:56:20 CST INFO  org.springframework.boot.StartupInfoLogger 50 logStarting - Starting CycInfoChannelTest on DESKTOP-I21GJFC with PID 13340 (started by huzuxing in D:\projects\product\platform-mall\platform-admin)
2018-09-16 at 10:56:20 CST INFO  org.springframework.boot.SpringApplication 652 logStartupProfileInfo - No active profile set, falling back to default profiles: default
2018-09-16 at 10:56:23 CST INFO  com.alibaba.druid.pool.DruidDataSource 930 init - {dataSource-1} inited
2018-09-16 at 10:56:23 CST INFO  org.hibernate.jpa.internal.util.LogHelper 31 logPersistenceUnitInformation - HHH000204: Processing PersistenceUnitInfo [
	name: default
	...]
2018-09-16 at 10:56:23 CST INFO  org.hibernate.Version 45 logVersion - HHH000412: Hibernate Core {5.2.14.Final}
2018-09-16 at 10:56:23 CST INFO  org.hibernate.cfg.Environment 213 <clinit> - HHH000206: hibernate.properties not found
2018-09-16 at 10:56:23 CST INFO  org.hibernate.annotations.common.reflection.java.JavaReflectionManager 66 <clinit> - HCANN000001: Hibernate Commons Annotations {5.0.1.Final}
2018-09-16 at 10:56:23 CST INFO  org.hibernate.dialect.Dialect 157 <init> - HHH000400: Using dialect: org.hibernate.dialect.MySQL5Dialect
2018-09-16 at 10:56:26 CST INFO  org.springframework.boot.StartupInfoLogger 59 logStarted - Started CycInfoChannelTest in 6.344 seconds (JVM running for 8.884)
2018-09-16 at 10:56:27 CST INFO  com.alibaba.druid.pool.DruidDataSource 1825 close - {dataSource-1} closed
2018-09-16 at 10:57:22 CST INFO  org.springframework.boot.StartupInfoLogger 50 logStarting - Starting CycInfoChannelTest on DESKTOP-I21GJFC with PID 11584 (started by huzuxing in D:\projects\product\platform-mall\platform-admin)
2018-09-16 at 10:57:22 CST INFO  org.springframework.boot.SpringApplication 652 logStartupProfileInfo - No active profile set, falling back to default profiles: default
2018-09-16 at 10:57:24 CST INFO  com.alibaba.druid.pool.DruidDataSource 930 init - {dataSource-1} inited
2018-09-16 at 10:57:25 CST INFO  org.hibernate.jpa.internal.util.LogHelper 31 logPersistenceUnitInformation - HHH000204: Processing PersistenceUnitInfo [
	name: default
	...]
2018-09-16 at 10:57:25 CST INFO  org.hibernate.Version 45 logVersion - HHH000412: Hibernate Core {5.2.14.Final}
2018-09-16 at 10:57:25 CST INFO  org.hibernate.cfg.Environment 213 <clinit> - HHH000206: hibernate.properties not found
2018-09-16 at 10:57:25 CST INFO  org.hibernate.annotations.common.reflection.java.JavaReflectionManager 66 <clinit> - HCANN000001: Hibernate Commons Annotations {5.0.1.Final}
2018-09-16 at 10:57:25 CST INFO  org.hibernate.dialect.Dialect 157 <init> - HHH000400: Using dialect: org.hibernate.dialect.MySQL5Dialect
2018-09-16 at 10:57:28 CST INFO  org.springframework.boot.StartupInfoLogger 59 logStarted - Started CycInfoChannelTest in 5.955 seconds (JVM running for 8.108)
2018-09-16 at 10:57:28 CST INFO  com.alibaba.druid.pool.DruidDataSource 1825 close - {dataSource-1} closed
