2018-09-14 at 15:58:20 CST INFO  org.springframework.boot.StartupInfoLogger 50 logStarting - Starting Application on 111-PC with PID 5608 (E:\p\platform-mall\platform-api\target\classes started by 111 in E:\p\platform-mall)
2018-09-14 at 15:58:20 CST INFO  org.springframework.boot.SpringApplication 652 logStartupProfileInfo - No active profile set, falling back to default profiles: default
2018-09-14 at 15:58:22 CST INFO  org.apache.juli.logging.DirectJDKLog 180 log - Initializing ProtocolHandler ["http-nio-8080"]
2018-09-14 at 15:58:22 CST INFO  org.apache.juli.logging.DirectJDKLog 180 log - Starting service [Tomcat]
2018-09-14 at 15:58:22 CST INFO  org.apache.juli.logging.DirectJDKLog 180 log - Starting Servlet Engine: Apache Tomcat/8.5.28
2018-09-14 at 15:58:22 CST INFO  org.apache.juli.logging.DirectJDKLog 180 log - The APR based Apache Tomcat Native library which allows optimal performance in production environments was not found on the java.library.path: [D:\Program Files\Java\jdk1.8.0_131\bin;C:\WINDOWS\Sun\Java\bin;C:\WINDOWS\system32;C:\WINDOWS;C:\WINDOWS\system32;C:\WINDOWS;C:\WINDOWS\System32\Wbem;C:\WINDOWS\System32\WindowsPowerShell\v1.0\;C:\WINDOWS\System32\OpenSSH\;D:\Users\111\AppData\Local\Programs\Python\Python36;C:\Program Files\Git\cmd;D:\Users\111\AppData\Local\Programs\Python\Python36\Scripts;D:\Program Files\apache-maven-3.5.0\bin;D:\Program Files\Java\jdk1.8.0_131\bin;D:\Program Files\Java\jdk1.8.0_131\lib\tools.jar;D:\Program Files\Java\jdk1.8.0_131\lib\dt.jar;"D:\Program Files\Java\jdk1.8.0_131\jre\bin;";C:\Users\111\AppData\Local\Microsoft\WindowsApps;;.]
2018-09-14 at 15:58:22 CST INFO  org.apache.juli.logging.DirectJDKLog 180 log - Initializing Spring embedded WebApplicationContext
2018-09-14 at 15:58:23 CST INFO  org.apache.juli.logging.DirectJDKLog 180 log - Stopping service [Tomcat]
2018-09-14 at 15:59:18 CST INFO  org.springframework.boot.StartupInfoLogger 50 logStarting - Starting Application on 111-PC with PID 13820 (E:\p\platform-mall\platform-api\target\classes started by 111 in E:\p\platform-mall)
2018-09-14 at 15:59:18 CST INFO  org.springframework.boot.SpringApplication 652 logStartupProfileInfo - No active profile set, falling back to default profiles: default
2018-09-14 at 15:59:20 CST INFO  org.apache.juli.logging.DirectJDKLog 180 log - Initializing ProtocolHandler ["http-nio-8080"]
2018-09-14 at 15:59:20 CST INFO  org.apache.juli.logging.DirectJDKLog 180 log - Starting service [Tomcat]
2018-09-14 at 15:59:20 CST INFO  org.apache.juli.logging.DirectJDKLog 180 log - Starting Servlet Engine: Apache Tomcat/8.5.28
2018-09-14 at 15:59:20 CST INFO  org.apache.juli.logging.DirectJDKLog 180 log - The APR based Apache Tomcat Native library which allows optimal performance in production environments was not found on the java.library.path: [D:\Program Files\Java\jdk1.8.0_131\bin;C:\WINDOWS\Sun\Java\bin;C:\WINDOWS\system32;C:\WINDOWS;C:\WINDOWS\system32;C:\WINDOWS;C:\WINDOWS\System32\Wbem;C:\WINDOWS\System32\WindowsPowerShell\v1.0\;C:\WINDOWS\System32\OpenSSH\;D:\Users\111\AppData\Local\Programs\Python\Python36;C:\Program Files\Git\cmd;D:\Users\111\AppData\Local\Programs\Python\Python36\Scripts;D:\Program Files\apache-maven-3.5.0\bin;D:\Program Files\Java\jdk1.8.0_131\bin;D:\Program Files\Java\jdk1.8.0_131\lib\tools.jar;D:\Program Files\Java\jdk1.8.0_131\lib\dt.jar;"D:\Program Files\Java\jdk1.8.0_131\jre\bin;";C:\Users\111\AppData\Local\Microsoft\WindowsApps;;.]
2018-09-14 at 15:59:20 CST INFO  org.apache.juli.logging.DirectJDKLog 180 log - Initializing Spring embedded WebApplicationContext
2018-09-14 at 15:59:21 CST INFO  com.alibaba.druid.pool.DruidDataSource 930 init - {dataSource-1} inited
2018-09-14 at 15:59:21 CST INFO  org.hibernate.jpa.internal.util.LogHelper 31 logPersistenceUnitInformation - HHH000204: Processing PersistenceUnitInfo [
	name: default
	...]
2018-09-14 at 15:59:21 CST INFO  org.hibernate.Version 45 logVersion - HHH000412: Hibernate Core {5.2.14.Final}
2018-09-14 at 15:59:21 CST INFO  org.hibernate.cfg.Environment 213 <clinit> - HHH000206: hibernate.properties not found
2018-09-14 at 15:59:21 CST INFO  org.hibernate.annotations.common.reflection.java.JavaReflectionManager 66 <clinit> - HCANN000001: Hibernate Commons Annotations {5.0.1.Final}
2018-09-14 at 15:59:21 CST INFO  org.hibernate.dialect.Dialect 157 <init> - HHH000400: Using dialect: org.hibernate.dialect.MySQL5Dialect
2018-09-14 at 15:59:23 CST INFO  org.apache.juli.logging.DirectJDKLog 180 log - Starting ProtocolHandler ["http-nio-8080"]
2018-09-14 at 15:59:23 CST INFO  org.apache.juli.logging.DirectJDKLog 180 log - Using a shared selector for servlet write/read
2018-09-14 at 15:59:23 CST INFO  org.springframework.boot.StartupInfoLogger 59 logStarted - Started Application in 5.399 seconds (JVM running for 6.84)
2018-09-14 at 16:00:40 CST INFO  org.apache.juli.logging.DirectJDKLog 180 log - Initializing Spring FrameworkServlet 'dispatcherServlet'
2018-09-14 at 16:01:55 CST INFO  org.springframework.boot.StartupInfoLogger 50 logStarting - Starting Application on 111-PC with PID 8400 (E:\p\platform-mall\platform-api\target\classes started by 111 in E:\p\platform-mall)
2018-09-14 at 16:01:55 CST INFO  org.springframework.boot.SpringApplication 652 logStartupProfileInfo - No active profile set, falling back to default profiles: default
2018-09-14 at 16:06:03 CST INFO  org.springframework.boot.StartupInfoLogger 50 logStarting - Starting Application on 111-PC with PID 13648 (E:\p\platform-mall\platform-api\target\classes started by 111 in E:\p\platform-mall)
2018-09-14 at 16:06:03 CST INFO  org.springframework.boot.SpringApplication 652 logStartupProfileInfo - No active profile set, falling back to default profiles: default
2018-09-14 at 16:06:05 CST INFO  org.apache.juli.logging.DirectJDKLog 180 log - Initializing ProtocolHandler ["http-nio-8080"]
2018-09-14 at 16:06:05 CST INFO  org.apache.juli.logging.DirectJDKLog 180 log - Starting service [Tomcat]
2018-09-14 at 16:06:05 CST INFO  org.apache.juli.logging.DirectJDKLog 180 log - Starting Servlet Engine: Apache Tomcat/8.5.28
2018-09-14 at 16:06:05 CST INFO  org.apache.juli.logging.DirectJDKLog 180 log - The APR based Apache Tomcat Native library which allows optimal performance in production environments was not found on the java.library.path: [D:\Program Files\Java\jdk1.8.0_131\bin;C:\WINDOWS\Sun\Java\bin;C:\WINDOWS\system32;C:\WINDOWS;C:\WINDOWS\system32;C:\WINDOWS;C:\WINDOWS\System32\Wbem;C:\WINDOWS\System32\WindowsPowerShell\v1.0\;C:\WINDOWS\System32\OpenSSH\;D:\Users\111\AppData\Local\Programs\Python\Python36;C:\Program Files\Git\cmd;D:\Users\111\AppData\Local\Programs\Python\Python36\Scripts;D:\Program Files\apache-maven-3.5.0\bin;D:\Program Files\Java\jdk1.8.0_131\bin;D:\Program Files\Java\jdk1.8.0_131\lib\tools.jar;D:\Program Files\Java\jdk1.8.0_131\lib\dt.jar;"D:\Program Files\Java\jdk1.8.0_131\jre\bin;";C:\Users\111\AppData\Local\Microsoft\WindowsApps;;.]
2018-09-14 at 16:06:05 CST INFO  org.apache.juli.logging.DirectJDKLog 180 log - Initializing Spring embedded WebApplicationContext
2018-09-14 at 16:06:05 CST INFO  com.alibaba.druid.pool.DruidDataSource 930 init - {dataSource-1} inited
2018-09-14 at 16:06:06 CST INFO  org.hibernate.jpa.internal.util.LogHelper 31 logPersistenceUnitInformation - HHH000204: Processing PersistenceUnitInfo [
	name: default
	...]
2018-09-14 at 16:06:06 CST INFO  org.hibernate.Version 45 logVersion - HHH000412: Hibernate Core {5.2.14.Final}
2018-09-14 at 16:06:06 CST INFO  org.hibernate.cfg.Environment 213 <clinit> - HHH000206: hibernate.properties not found
2018-09-14 at 16:06:06 CST INFO  org.hibernate.annotations.common.reflection.java.JavaReflectionManager 66 <clinit> - HCANN000001: Hibernate Commons Annotations {5.0.1.Final}
2018-09-14 at 16:06:06 CST INFO  org.hibernate.dialect.Dialect 157 <init> - HHH000400: Using dialect: org.hibernate.dialect.MySQL5Dialect
2018-09-14 at 16:06:07 CST INFO  org.apache.juli.logging.DirectJDKLog 180 log - Starting ProtocolHandler ["http-nio-8080"]
2018-09-14 at 16:06:07 CST INFO  org.apache.juli.logging.DirectJDKLog 180 log - Using a shared selector for servlet write/read
2018-09-14 at 16:06:07 CST INFO  org.springframework.boot.StartupInfoLogger 59 logStarted - Started Application in 5.356 seconds (JVM running for 6.86)
2018-09-14 at 16:06:12 CST INFO  org.apache.juli.logging.DirectJDKLog 180 log - Initializing Spring FrameworkServlet 'dispatcherServlet'
2018-09-14 at 16:06:46 CST INFO  org.springframework.boot.StartupInfoLogger 50 logStarting - Starting Application on 111-PC with PID 7224 (E:\p\platform-mall\platform-api\target\classes started by 111 in E:\p\platform-mall)
2018-09-14 at 16:06:46 CST INFO  org.springframework.boot.SpringApplication 652 logStartupProfileInfo - No active profile set, falling back to default profiles: default
2018-09-14 at 16:06:48 CST INFO  org.apache.juli.logging.DirectJDKLog 180 log - Initializing ProtocolHandler ["http-nio-8080"]
2018-09-14 at 16:06:48 CST INFO  org.apache.juli.logging.DirectJDKLog 180 log - Starting service [Tomcat]
2018-09-14 at 16:06:48 CST INFO  org.apache.juli.logging.DirectJDKLog 180 log - Starting Servlet Engine: Apache Tomcat/8.5.28
2018-09-14 at 16:06:48 CST INFO  org.apache.juli.logging.DirectJDKLog 180 log - The APR based Apache Tomcat Native library which allows optimal performance in production environments was not found on the java.library.path: [D:\Program Files\Java\jdk1.8.0_131\bin;C:\WINDOWS\Sun\Java\bin;C:\WINDOWS\system32;C:\WINDOWS;C:\WINDOWS\system32;C:\WINDOWS;C:\WINDOWS\System32\Wbem;C:\WINDOWS\System32\WindowsPowerShell\v1.0\;C:\WINDOWS\System32\OpenSSH\;D:\Users\111\AppData\Local\Programs\Python\Python36;C:\Program Files\Git\cmd;D:\Users\111\AppData\Local\Programs\Python\Python36\Scripts;D:\Program Files\apache-maven-3.5.0\bin;D:\Program Files\Java\jdk1.8.0_131\bin;D:\Program Files\Java\jdk1.8.0_131\lib\tools.jar;D:\Program Files\Java\jdk1.8.0_131\lib\dt.jar;"D:\Program Files\Java\jdk1.8.0_131\jre\bin;";C:\Users\111\AppData\Local\Microsoft\WindowsApps;;.]
2018-09-14 at 16:06:48 CST INFO  org.apache.juli.logging.DirectJDKLog 180 log - Initializing Spring embedded WebApplicationContext
2018-09-14 at 16:06:48 CST INFO  com.alibaba.druid.pool.DruidDataSource 930 init - {dataSource-1} inited
2018-09-14 at 16:06:49 CST INFO  org.hibernate.jpa.internal.util.LogHelper 31 logPersistenceUnitInformation - HHH000204: Processing PersistenceUnitInfo [
	name: default
	...]
2018-09-14 at 16:06:49 CST INFO  org.hibernate.Version 45 logVersion - HHH000412: Hibernate Core {5.2.14.Final}
2018-09-14 at 16:06:49 CST INFO  org.hibernate.cfg.Environment 213 <clinit> - HHH000206: hibernate.properties not found
2018-09-14 at 16:06:49 CST INFO  org.hibernate.annotations.common.reflection.java.JavaReflectionManager 66 <clinit> - HCANN000001: Hibernate Commons Annotations {5.0.1.Final}
2018-09-14 at 16:06:49 CST INFO  org.hibernate.dialect.Dialect 157 <init> - HHH000400: Using dialect: org.hibernate.dialect.MySQL5Dialect
2018-09-14 at 16:06:51 CST INFO  org.apache.juli.logging.DirectJDKLog 180 log - Starting ProtocolHandler ["http-nio-8080"]
2018-09-14 at 16:06:51 CST INFO  org.apache.juli.logging.DirectJDKLog 180 log - Using a shared selector for servlet write/read
2018-09-14 at 16:06:51 CST INFO  org.springframework.boot.StartupInfoLogger 59 logStarted - Started Application in 5.261 seconds (JVM running for 6.666)
2018-09-14 at 16:06:56 CST INFO  org.apache.juli.logging.DirectJDKLog 180 log - Initializing Spring FrameworkServlet 'dispatcherServlet'
2018-09-14 at 16:08:05 CST INFO  org.springframework.boot.StartupInfoLogger 50 logStarting - Starting Application on 111-PC with PID 15100 (E:\p\platform-mall\platform-api\target\classes started by 111 in E:\p\platform-mall)
2018-09-14 at 16:08:05 CST INFO  org.springframework.boot.SpringApplication 652 logStartupProfileInfo - No active profile set, falling back to default profiles: default
2018-09-14 at 16:08:06 CST INFO  org.apache.juli.logging.DirectJDKLog 180 log - Initializing ProtocolHandler ["http-nio-8080"]
2018-09-14 at 16:08:06 CST INFO  org.apache.juli.logging.DirectJDKLog 180 log - Starting service [Tomcat]
2018-09-14 at 16:08:06 CST INFO  org.apache.juli.logging.DirectJDKLog 180 log - Starting Servlet Engine: Apache Tomcat/8.5.28
2018-09-14 at 16:08:06 CST INFO  org.apache.juli.logging.DirectJDKLog 180 log - The APR based Apache Tomcat Native library which allows optimal performance in production environments was not found on the java.library.path: [D:\Program Files\Java\jdk1.8.0_131\bin;C:\WINDOWS\Sun\Java\bin;C:\WINDOWS\system32;C:\WINDOWS;C:\WINDOWS\system32;C:\WINDOWS;C:\WINDOWS\System32\Wbem;C:\WINDOWS\System32\WindowsPowerShell\v1.0\;C:\WINDOWS\System32\OpenSSH\;D:\Users\111\AppData\Local\Programs\Python\Python36;C:\Program Files\Git\cmd;D:\Users\111\AppData\Local\Programs\Python\Python36\Scripts;D:\Program Files\apache-maven-3.5.0\bin;D:\Program Files\Java\jdk1.8.0_131\bin;D:\Program Files\Java\jdk1.8.0_131\lib\tools.jar;D:\Program Files\Java\jdk1.8.0_131\lib\dt.jar;"D:\Program Files\Java\jdk1.8.0_131\jre\bin;";C:\Users\111\AppData\Local\Microsoft\WindowsApps;;.]
2018-09-14 at 16:08:07 CST INFO  org.apache.juli.logging.DirectJDKLog 180 log - Initializing Spring embedded WebApplicationContext
2018-09-14 at 16:08:07 CST INFO  com.alibaba.druid.pool.DruidDataSource 930 init - {dataSource-1} inited
2018-09-14 at 16:08:07 CST INFO  org.hibernate.jpa.internal.util.LogHelper 31 logPersistenceUnitInformation - HHH000204: Processing PersistenceUnitInfo [
	name: default
	...]
2018-09-14 at 16:08:07 CST INFO  org.hibernate.Version 45 logVersion - HHH000412: Hibernate Core {5.2.14.Final}
2018-09-14 at 16:08:07 CST INFO  org.hibernate.cfg.Environment 213 <clinit> - HHH000206: hibernate.properties not found
2018-09-14 at 16:08:07 CST INFO  org.hibernate.annotations.common.reflection.java.JavaReflectionManager 66 <clinit> - HCANN000001: Hibernate Commons Annotations {5.0.1.Final}
2018-09-14 at 16:08:08 CST INFO  org.hibernate.dialect.Dialect 157 <init> - HHH000400: Using dialect: org.hibernate.dialect.MySQL5Dialect
2018-09-14 at 16:08:09 CST INFO  org.apache.juli.logging.DirectJDKLog 180 log - Starting ProtocolHandler ["http-nio-8080"]
2018-09-14 at 16:08:09 CST INFO  org.apache.juli.logging.DirectJDKLog 180 log - Using a shared selector for servlet write/read
2018-09-14 at 16:08:09 CST INFO  org.springframework.boot.StartupInfoLogger 59 logStarted - Started Application in 5.707 seconds (JVM running for 7.087)
2018-09-14 at 16:08:13 CST INFO  org.apache.juli.logging.DirectJDKLog 180 log - Initializing Spring FrameworkServlet 'dispatcherServlet'
2018-09-14 at 16:09:08 CST INFO  org.springframework.boot.StartupInfoLogger 50 logStarting - Starting Application on 111-PC with PID 8008 (E:\p\platform-mall\platform-api\target\classes started by 111 in E:\p\platform-mall)
2018-09-14 at 16:09:08 CST INFO  org.springframework.boot.SpringApplication 652 logStartupProfileInfo - No active profile set, falling back to default profiles: default
2018-09-14 at 16:09:10 CST INFO  org.apache.juli.logging.DirectJDKLog 180 log - Initializing ProtocolHandler ["http-nio-8080"]
2018-09-14 at 16:09:10 CST INFO  org.apache.juli.logging.DirectJDKLog 180 log - Starting service [Tomcat]
2018-09-14 at 16:09:10 CST INFO  org.apache.juli.logging.DirectJDKLog 180 log - Starting Servlet Engine: Apache Tomcat/8.5.28
2018-09-14 at 16:09:10 CST INFO  org.apache.juli.logging.DirectJDKLog 180 log - The APR based Apache Tomcat Native library which allows optimal performance in production environments was not found on the java.library.path: [D:\Program Files\Java\jdk1.8.0_131\bin;C:\WINDOWS\Sun\Java\bin;C:\WINDOWS\system32;C:\WINDOWS;C:\WINDOWS\system32;C:\WINDOWS;C:\WINDOWS\System32\Wbem;C:\WINDOWS\System32\WindowsPowerShell\v1.0\;C:\WINDOWS\System32\OpenSSH\;D:\Users\111\AppData\Local\Programs\Python\Python36;C:\Program Files\Git\cmd;D:\Users\111\AppData\Local\Programs\Python\Python36\Scripts;D:\Program Files\apache-maven-3.5.0\bin;D:\Program Files\Java\jdk1.8.0_131\bin;D:\Program Files\Java\jdk1.8.0_131\lib\tools.jar;D:\Program Files\Java\jdk1.8.0_131\lib\dt.jar;"D:\Program Files\Java\jdk1.8.0_131\jre\bin;";C:\Users\111\AppData\Local\Microsoft\WindowsApps;;.]
2018-09-14 at 16:09:10 CST INFO  org.apache.juli.logging.DirectJDKLog 180 log - Initializing Spring embedded WebApplicationContext
2018-09-14 at 16:09:11 CST INFO  com.alibaba.druid.pool.DruidDataSource 930 init - {dataSource-1} inited
2018-09-14 at 16:09:11 CST INFO  org.hibernate.jpa.internal.util.LogHelper 31 logPersistenceUnitInformation - HHH000204: Processing PersistenceUnitInfo [
	name: default
	...]
2018-09-14 at 16:09:11 CST INFO  org.hibernate.Version 45 logVersion - HHH000412: Hibernate Core {5.2.14.Final}
2018-09-14 at 16:09:11 CST INFO  org.hibernate.cfg.Environment 213 <clinit> - HHH000206: hibernate.properties not found
2018-09-14 at 16:09:11 CST INFO  org.hibernate.annotations.common.reflection.java.JavaReflectionManager 66 <clinit> - HCANN000001: Hibernate Commons Annotations {5.0.1.Final}
2018-09-14 at 16:09:11 CST INFO  org.hibernate.dialect.Dialect 157 <init> - HHH000400: Using dialect: org.hibernate.dialect.MySQL5Dialect
2018-09-14 at 16:09:13 CST INFO  org.apache.juli.logging.DirectJDKLog 180 log - Starting ProtocolHandler ["http-nio-8080"]
2018-09-14 at 16:09:13 CST INFO  org.apache.juli.logging.DirectJDKLog 180 log - Using a shared selector for servlet write/read
2018-09-14 at 16:09:13 CST INFO  org.springframework.boot.StartupInfoLogger 59 logStarted - Started Application in 5.788 seconds (JVM running for 7.404)
2018-09-14 at 16:09:16 CST INFO  org.apache.juli.logging.DirectJDKLog 180 log - Initializing Spring FrameworkServlet 'dispatcherServlet'
2018-09-14 at 16:53:14 CST INFO  org.springframework.boot.StartupInfoLogger 50 logStarting - Starting Application on 111-PC with PID 13808 (E:\p\platform-mall\platform-api\target\classes started by 111 in E:\p\platform-mall)
2018-09-14 at 16:53:14 CST INFO  org.springframework.boot.SpringApplication 652 logStartupProfileInfo - No active profile set, falling back to default profiles: default
2018-09-14 at 16:53:16 CST INFO  org.apache.juli.logging.DirectJDKLog 180 log - Initializing ProtocolHandler ["http-nio-8080"]
2018-09-14 at 16:53:16 CST INFO  org.apache.juli.logging.DirectJDKLog 180 log - Starting service [Tomcat]
2018-09-14 at 16:53:16 CST INFO  org.apache.juli.logging.DirectJDKLog 180 log - Starting Servlet Engine: Apache Tomcat/8.5.28
2018-09-14 at 16:53:16 CST INFO  org.apache.juli.logging.DirectJDKLog 180 log - The APR based Apache Tomcat Native library which allows optimal performance in production environments was not found on the java.library.path: [D:\Program Files\Java\jdk1.8.0_131\bin;C:\WINDOWS\Sun\Java\bin;C:\WINDOWS\system32;C:\WINDOWS;C:\WINDOWS\system32;C:\WINDOWS;C:\WINDOWS\System32\Wbem;C:\WINDOWS\System32\WindowsPowerShell\v1.0\;C:\WINDOWS\System32\OpenSSH\;D:\Users\111\AppData\Local\Programs\Python\Python36;C:\Program Files\Git\cmd;D:\Users\111\AppData\Local\Programs\Python\Python36\Scripts;D:\Program Files\apache-maven-3.5.0\bin;D:\Program Files\Java\jdk1.8.0_131\bin;D:\Program Files\Java\jdk1.8.0_131\lib\tools.jar;D:\Program Files\Java\jdk1.8.0_131\lib\dt.jar;"D:\Program Files\Java\jdk1.8.0_131\jre\bin;";C:\Users\111\AppData\Local\Microsoft\WindowsApps;;.]
2018-09-14 at 16:53:16 CST INFO  org.apache.juli.logging.DirectJDKLog 180 log - Initializing Spring embedded WebApplicationContext
2018-09-14 at 16:53:16 CST INFO  com.alibaba.druid.pool.DruidDataSource 930 init - {dataSource-1} inited
2018-09-14 at 16:53:17 CST INFO  org.hibernate.jpa.internal.util.LogHelper 31 logPersistenceUnitInformation - HHH000204: Processing PersistenceUnitInfo [
	name: default
	...]
2018-09-14 at 16:53:17 CST INFO  org.hibernate.Version 45 logVersion - HHH000412: Hibernate Core {5.2.14.Final}
2018-09-14 at 16:53:17 CST INFO  org.hibernate.cfg.Environment 213 <clinit> - HHH000206: hibernate.properties not found
2018-09-14 at 16:53:17 CST INFO  org.hibernate.annotations.common.reflection.java.JavaReflectionManager 66 <clinit> - HCANN000001: Hibernate Commons Annotations {5.0.1.Final}
2018-09-14 at 16:53:17 CST INFO  org.hibernate.dialect.Dialect 157 <init> - HHH000400: Using dialect: org.hibernate.dialect.MySQL5Dialect
2018-09-14 at 16:53:18 CST INFO  org.apache.juli.logging.DirectJDKLog 180 log - Starting ProtocolHandler ["http-nio-8080"]
2018-09-14 at 16:53:18 CST INFO  org.apache.juli.logging.DirectJDKLog 180 log - Using a shared selector for servlet write/read
2018-09-14 at 16:53:19 CST INFO  org.springframework.boot.StartupInfoLogger 59 logStarted - Started Application in 5.251 seconds (JVM running for 7.138)
2018-09-14 at 16:53:22 CST INFO  org.apache.juli.logging.DirectJDKLog 180 log - Initializing Spring FrameworkServlet 'dispatcherServlet'
2018-09-14 at 16:57:54 CST INFO  org.springframework.boot.StartupInfoLogger 50 logStarting - Starting Application on 111-PC with PID 4060 (E:\p\platform-mall\platform-api\target\classes started by 111 in E:\p\platform-mall)
2018-09-14 at 16:57:54 CST INFO  org.springframework.boot.SpringApplication 652 logStartupProfileInfo - No active profile set, falling back to default profiles: default
2018-09-14 at 16:57:56 CST INFO  org.apache.juli.logging.DirectJDKLog 180 log - Initializing ProtocolHandler ["http-nio-8080"]
2018-09-14 at 16:57:56 CST INFO  org.apache.juli.logging.DirectJDKLog 180 log - Starting service [Tomcat]
2018-09-14 at 16:57:56 CST INFO  org.apache.juli.logging.DirectJDKLog 180 log - Starting Servlet Engine: Apache Tomcat/8.5.28
2018-09-14 at 16:57:56 CST INFO  org.apache.juli.logging.DirectJDKLog 180 log - The APR based Apache Tomcat Native library which allows optimal performance in production environments was not found on the java.library.path: [D:\Program Files\Java\jdk1.8.0_131\bin;C:\WINDOWS\Sun\Java\bin;C:\WINDOWS\system32;C:\WINDOWS;C:\WINDOWS\system32;C:\WINDOWS;C:\WINDOWS\System32\Wbem;C:\WINDOWS\System32\WindowsPowerShell\v1.0\;C:\WINDOWS\System32\OpenSSH\;D:\Users\111\AppData\Local\Programs\Python\Python36;C:\Program Files\Git\cmd;D:\Users\111\AppData\Local\Programs\Python\Python36\Scripts;D:\Program Files\apache-maven-3.5.0\bin;D:\Program Files\Java\jdk1.8.0_131\bin;D:\Program Files\Java\jdk1.8.0_131\lib\tools.jar;D:\Program Files\Java\jdk1.8.0_131\lib\dt.jar;"D:\Program Files\Java\jdk1.8.0_131\jre\bin;";C:\Users\111\AppData\Local\Microsoft\WindowsApps;;.]
2018-09-14 at 16:57:56 CST INFO  org.apache.juli.logging.DirectJDKLog 180 log - Initializing Spring embedded WebApplicationContext
2018-09-14 at 16:57:56 CST INFO  com.alibaba.druid.pool.DruidDataSource 930 init - {dataSource-1} inited
2018-09-14 at 16:57:57 CST INFO  org.hibernate.jpa.internal.util.LogHelper 31 logPersistenceUnitInformation - HHH000204: Processing PersistenceUnitInfo [
	name: default
	...]
2018-09-14 at 16:57:57 CST INFO  org.hibernate.Version 45 logVersion - HHH000412: Hibernate Core {5.2.14.Final}
2018-09-14 at 16:57:57 CST INFO  org.hibernate.cfg.Environment 213 <clinit> - HHH000206: hibernate.properties not found
2018-09-14 at 16:57:57 CST INFO  org.hibernate.annotations.common.reflection.java.JavaReflectionManager 66 <clinit> - HCANN000001: Hibernate Commons Annotations {5.0.1.Final}
2018-09-14 at 16:57:57 CST INFO  org.hibernate.dialect.Dialect 157 <init> - HHH000400: Using dialect: org.hibernate.dialect.MySQL5Dialect
2018-09-14 at 16:57:59 CST INFO  org.apache.juli.logging.DirectJDKLog 180 log - Starting ProtocolHandler ["http-nio-8080"]
2018-09-14 at 16:57:59 CST INFO  org.apache.juli.logging.DirectJDKLog 180 log - Using a shared selector for servlet write/read
2018-09-14 at 16:57:59 CST INFO  org.springframework.boot.StartupInfoLogger 59 logStarted - Started Application in 5.4 seconds (JVM running for 6.745)
2018-09-14 at 16:58:07 CST INFO  org.apache.juli.logging.DirectJDKLog 180 log - Initializing Spring FrameworkServlet 'dispatcherServlet'
2018-09-14 at 16:58:25 CST INFO  org.springframework.boot.StartupInfoLogger 50 logStarting - Starting Application on 111-PC with PID 13432 (E:\p\platform-mall\platform-api\target\classes started by 111 in E:\p\platform-mall)
2018-09-14 at 16:58:25 CST INFO  org.springframework.boot.SpringApplication 652 logStartupProfileInfo - No active profile set, falling back to default profiles: default
2018-09-14 at 16:58:26 CST INFO  org.apache.juli.logging.DirectJDKLog 180 log - Initializing ProtocolHandler ["http-nio-8080"]
2018-09-14 at 16:58:26 CST INFO  org.apache.juli.logging.DirectJDKLog 180 log - Starting service [Tomcat]
2018-09-14 at 16:58:26 CST INFO  org.apache.juli.logging.DirectJDKLog 180 log - Starting Servlet Engine: Apache Tomcat/8.5.28
2018-09-14 at 16:58:26 CST INFO  org.apache.juli.logging.DirectJDKLog 180 log - The APR based Apache Tomcat Native library which allows optimal performance in production environments was not found on the java.library.path: [D:\Program Files\Java\jdk1.8.0_131\bin;C:\WINDOWS\Sun\Java\bin;C:\WINDOWS\system32;C:\WINDOWS;C:\WINDOWS\system32;C:\WINDOWS;C:\WINDOWS\System32\Wbem;C:\WINDOWS\System32\WindowsPowerShell\v1.0\;C:\WINDOWS\System32\OpenSSH\;D:\Users\111\AppData\Local\Programs\Python\Python36;C:\Program Files\Git\cmd;D:\Users\111\AppData\Local\Programs\Python\Python36\Scripts;D:\Program Files\apache-maven-3.5.0\bin;D:\Program Files\Java\jdk1.8.0_131\bin;D:\Program Files\Java\jdk1.8.0_131\lib\tools.jar;D:\Program Files\Java\jdk1.8.0_131\lib\dt.jar;"D:\Program Files\Java\jdk1.8.0_131\jre\bin;";C:\Users\111\AppData\Local\Microsoft\WindowsApps;;.]
2018-09-14 at 16:58:26 CST INFO  org.apache.juli.logging.DirectJDKLog 180 log - Initializing Spring embedded WebApplicationContext
2018-09-14 at 16:58:27 CST INFO  com.alibaba.druid.pool.DruidDataSource 930 init - {dataSource-1} inited
2018-09-14 at 16:58:27 CST INFO  org.hibernate.jpa.internal.util.LogHelper 31 logPersistenceUnitInformation - HHH000204: Processing PersistenceUnitInfo [
	name: default
	...]
2018-09-14 at 16:58:27 CST INFO  org.hibernate.Version 45 logVersion - HHH000412: Hibernate Core {5.2.14.Final}
2018-09-14 at 16:58:27 CST INFO  org.hibernate.cfg.Environment 213 <clinit> - HHH000206: hibernate.properties not found
2018-09-14 at 16:58:27 CST INFO  org.hibernate.annotations.common.reflection.java.JavaReflectionManager 66 <clinit> - HCANN000001: Hibernate Commons Annotations {5.0.1.Final}
2018-09-14 at 16:58:27 CST INFO  org.hibernate.dialect.Dialect 157 <init> - HHH000400: Using dialect: org.hibernate.dialect.MySQL5Dialect
2018-09-14 at 16:58:29 CST INFO  org.apache.juli.logging.DirectJDKLog 180 log - Starting ProtocolHandler ["http-nio-8080"]
2018-09-14 at 16:58:29 CST INFO  org.apache.juli.logging.DirectJDKLog 180 log - Using a shared selector for servlet write/read
2018-09-14 at 16:58:29 CST INFO  org.springframework.boot.StartupInfoLogger 59 logStarted - Started Application in 5.171 seconds (JVM running for 6.54)
2018-09-14 at 16:58:32 CST INFO  org.apache.juli.logging.DirectJDKLog 180 log - Initializing Spring FrameworkServlet 'dispatcherServlet'
2018-09-14 at 16:59:26 CST INFO  org.springframework.boot.StartupInfoLogger 50 logStarting - Starting Application on 111-PC with PID 7404 (E:\p\platform-mall\platform-api\target\classes started by 111 in E:\p\platform-mall)
2018-09-14 at 16:59:26 CST INFO  org.springframework.boot.SpringApplication 652 logStartupProfileInfo - No active profile set, falling back to default profiles: default
2018-09-14 at 16:59:27 CST INFO  org.apache.juli.logging.DirectJDKLog 180 log - Initializing ProtocolHandler ["http-nio-8080"]
2018-09-14 at 16:59:27 CST INFO  org.apache.juli.logging.DirectJDKLog 180 log - Starting service [Tomcat]
2018-09-14 at 16:59:27 CST INFO  org.apache.juli.logging.DirectJDKLog 180 log - Starting Servlet Engine: Apache Tomcat/8.5.28
2018-09-14 at 16:59:27 CST INFO  org.apache.juli.logging.DirectJDKLog 180 log - The APR based Apache Tomcat Native library which allows optimal performance in production environments was not found on the java.library.path: [D:\Program Files\Java\jdk1.8.0_131\bin;C:\WINDOWS\Sun\Java\bin;C:\WINDOWS\system32;C:\WINDOWS;C:\WINDOWS\system32;C:\WINDOWS;C:\WINDOWS\System32\Wbem;C:\WINDOWS\System32\WindowsPowerShell\v1.0\;C:\WINDOWS\System32\OpenSSH\;D:\Users\111\AppData\Local\Programs\Python\Python36;C:\Program Files\Git\cmd;D:\Users\111\AppData\Local\Programs\Python\Python36\Scripts;D:\Program Files\apache-maven-3.5.0\bin;D:\Program Files\Java\jdk1.8.0_131\bin;D:\Program Files\Java\jdk1.8.0_131\lib\tools.jar;D:\Program Files\Java\jdk1.8.0_131\lib\dt.jar;"D:\Program Files\Java\jdk1.8.0_131\jre\bin;";C:\Users\111\AppData\Local\Microsoft\WindowsApps;;.]
2018-09-14 at 16:59:28 CST INFO  org.apache.juli.logging.DirectJDKLog 180 log - Initializing Spring embedded WebApplicationContext
2018-09-14 at 16:59:28 CST INFO  com.alibaba.druid.pool.DruidDataSource 930 init - {dataSource-1} inited
2018-09-14 at 16:59:28 CST INFO  org.hibernate.jpa.internal.util.LogHelper 31 logPersistenceUnitInformation - HHH000204: Processing PersistenceUnitInfo [
	name: default
	...]
2018-09-14 at 16:59:28 CST INFO  org.hibernate.Version 45 logVersion - HHH000412: Hibernate Core {5.2.14.Final}
2018-09-14 at 16:59:28 CST INFO  org.hibernate.cfg.Environment 213 <clinit> - HHH000206: hibernate.properties not found
2018-09-14 at 16:59:28 CST INFO  org.hibernate.annotations.common.reflection.java.JavaReflectionManager 66 <clinit> - HCANN000001: Hibernate Commons Annotations {5.0.1.Final}
2018-09-14 at 16:59:29 CST INFO  org.hibernate.dialect.Dialect 157 <init> - HHH000400: Using dialect: org.hibernate.dialect.MySQL5Dialect
2018-09-14 at 16:59:30 CST INFO  org.apache.juli.logging.DirectJDKLog 180 log - Starting ProtocolHandler ["http-nio-8080"]
2018-09-14 at 16:59:30 CST INFO  org.apache.juli.logging.DirectJDKLog 180 log - Using a shared selector for servlet write/read
2018-09-14 at 16:59:30 CST INFO  org.springframework.boot.StartupInfoLogger 59 logStarted - Started Application in 5.394 seconds (JVM running for 6.788)
2018-09-14 at 16:59:32 CST INFO  org.apache.juli.logging.DirectJDKLog 180 log - Initializing Spring FrameworkServlet 'dispatcherServlet'
2018-09-14 at 17:01:00 CST INFO  org.springframework.boot.StartupInfoLogger 50 logStarting - Starting Application on 111-PC with PID 12532 (E:\p\platform-mall\platform-api\target\classes started by 111 in E:\p\platform-mall)
2018-09-14 at 17:01:01 CST INFO  org.springframework.boot.SpringApplication 652 logStartupProfileInfo - No active profile set, falling back to default profiles: default
2018-09-14 at 17:01:02 CST INFO  org.apache.juli.logging.DirectJDKLog 180 log - Initializing ProtocolHandler ["http-nio-8080"]
2018-09-14 at 17:01:02 CST INFO  org.apache.juli.logging.DirectJDKLog 180 log - Starting service [Tomcat]
2018-09-14 at 17:01:02 CST INFO  org.apache.juli.logging.DirectJDKLog 180 log - Starting Servlet Engine: Apache Tomcat/8.5.28
2018-09-14 at 17:01:02 CST INFO  org.apache.juli.logging.DirectJDKLog 180 log - The APR based Apache Tomcat Native library which allows optimal performance in production environments was not found on the java.library.path: [D:\Program Files\Java\jdk1.8.0_131\bin;C:\WINDOWS\Sun\Java\bin;C:\WINDOWS\system32;C:\WINDOWS;C:\WINDOWS\system32;C:\WINDOWS;C:\WINDOWS\System32\Wbem;C:\WINDOWS\System32\WindowsPowerShell\v1.0\;C:\WINDOWS\System32\OpenSSH\;D:\Users\111\AppData\Local\Programs\Python\Python36;C:\Program Files\Git\cmd;D:\Users\111\AppData\Local\Programs\Python\Python36\Scripts;D:\Program Files\apache-maven-3.5.0\bin;D:\Program Files\Java\jdk1.8.0_131\bin;D:\Program Files\Java\jdk1.8.0_131\lib\tools.jar;D:\Program Files\Java\jdk1.8.0_131\lib\dt.jar;"D:\Program Files\Java\jdk1.8.0_131\jre\bin;";C:\Users\111\AppData\Local\Microsoft\WindowsApps;;.]
2018-09-14 at 17:01:03 CST INFO  org.apache.juli.logging.DirectJDKLog 180 log - Initializing Spring embedded WebApplicationContext
2018-09-14 at 17:01:03 CST INFO  com.alibaba.druid.pool.DruidDataSource 930 init - {dataSource-1} inited
2018-09-14 at 17:01:04 CST INFO  org.hibernate.jpa.internal.util.LogHelper 31 logPersistenceUnitInformation - HHH000204: Processing PersistenceUnitInfo [
	name: default
	...]
2018-09-14 at 17:01:04 CST INFO  org.hibernate.Version 45 logVersion - HHH000412: Hibernate Core {5.2.14.Final}
2018-09-14 at 17:01:04 CST INFO  org.hibernate.cfg.Environment 213 <clinit> - HHH000206: hibernate.properties not found
2018-09-14 at 17:01:04 CST INFO  org.hibernate.annotations.common.reflection.java.JavaReflectionManager 66 <clinit> - HCANN000001: Hibernate Commons Annotations {5.0.1.Final}
2018-09-14 at 17:01:04 CST INFO  org.hibernate.dialect.Dialect 157 <init> - HHH000400: Using dialect: org.hibernate.dialect.MySQL5Dialect
2018-09-14 at 17:01:06 CST INFO  org.apache.juli.logging.DirectJDKLog 180 log - Starting ProtocolHandler ["http-nio-8080"]
2018-09-14 at 17:01:06 CST INFO  org.apache.juli.logging.DirectJDKLog 180 log - Using a shared selector for servlet write/read
2018-09-14 at 17:01:06 CST INFO  org.springframework.boot.StartupInfoLogger 59 logStarted - Started Application in 5.785 seconds (JVM running for 7.118)
2018-09-14 at 17:01:10 CST INFO  org.apache.juli.logging.DirectJDKLog 180 log - Initializing Spring FrameworkServlet 'dispatcherServlet'
2018-09-14 at 17:08:19 CST INFO  org.springframework.boot.StartupInfoLogger 50 logStarting - Starting Application on 111-PC with PID 13436 (E:\p\platform-mall\platform-api\target\classes started by 111 in E:\p\platform-mall)
2018-09-14 at 17:08:19 CST INFO  org.springframework.boot.SpringApplication 652 logStartupProfileInfo - No active profile set, falling back to default profiles: default
2018-09-14 at 17:08:21 CST INFO  org.apache.juli.logging.DirectJDKLog 180 log - Initializing ProtocolHandler ["http-nio-8080"]
2018-09-14 at 17:08:21 CST INFO  org.apache.juli.logging.DirectJDKLog 180 log - Starting service [Tomcat]
2018-09-14 at 17:08:21 CST INFO  org.apache.juli.logging.DirectJDKLog 180 log - Starting Servlet Engine: Apache Tomcat/8.5.28
2018-09-14 at 17:08:21 CST INFO  org.apache.juli.logging.DirectJDKLog 180 log - The APR based Apache Tomcat Native library which allows optimal performance in production environments was not found on the java.library.path: [D:\Program Files\Java\jdk1.8.0_131\bin;C:\WINDOWS\Sun\Java\bin;C:\WINDOWS\system32;C:\WINDOWS;C:\WINDOWS\system32;C:\WINDOWS;C:\WINDOWS\System32\Wbem;C:\WINDOWS\System32\WindowsPowerShell\v1.0\;C:\WINDOWS\System32\OpenSSH\;D:\Users\111\AppData\Local\Programs\Python\Python36;C:\Program Files\Git\cmd;D:\Users\111\AppData\Local\Programs\Python\Python36\Scripts;D:\Program Files\apache-maven-3.5.0\bin;D:\Program Files\Java\jdk1.8.0_131\bin;D:\Program Files\Java\jdk1.8.0_131\lib\tools.jar;D:\Program Files\Java\jdk1.8.0_131\lib\dt.jar;"D:\Program Files\Java\jdk1.8.0_131\jre\bin;";C:\Users\111\AppData\Local\Microsoft\WindowsApps;;.]
2018-09-14 at 17:08:21 CST INFO  org.apache.juli.logging.DirectJDKLog 180 log - Initializing Spring embedded WebApplicationContext
2018-09-14 at 17:08:21 CST INFO  com.alibaba.druid.pool.DruidDataSource 930 init - {dataSource-1} inited
2018-09-14 at 17:08:22 CST INFO  org.hibernate.jpa.internal.util.LogHelper 31 logPersistenceUnitInformation - HHH000204: Processing PersistenceUnitInfo [
	name: default
	...]
2018-09-14 at 17:08:22 CST INFO  org.hibernate.Version 45 logVersion - HHH000412: Hibernate Core {5.2.14.Final}
2018-09-14 at 17:08:22 CST INFO  org.hibernate.cfg.Environment 213 <clinit> - HHH000206: hibernate.properties not found
2018-09-14 at 17:08:22 CST INFO  org.hibernate.annotations.common.reflection.java.JavaReflectionManager 66 <clinit> - HCANN000001: Hibernate Commons Annotations {5.0.1.Final}
2018-09-14 at 17:08:22 CST INFO  org.hibernate.dialect.Dialect 157 <init> - HHH000400: Using dialect: org.hibernate.dialect.MySQL5Dialect
2018-09-14 at 17:08:24 CST INFO  org.apache.juli.logging.DirectJDKLog 180 log - Starting ProtocolHandler ["http-nio-8080"]
2018-09-14 at 17:08:24 CST INFO  org.apache.juli.logging.DirectJDKLog 180 log - Using a shared selector for servlet write/read
2018-09-14 at 17:08:24 CST INFO  org.springframework.boot.StartupInfoLogger 59 logStarted - Started Application in 5.984 seconds (JVM running for 7.33)
2018-09-14 at 17:08:28 CST INFO  org.apache.juli.logging.DirectJDKLog 180 log - Initializing Spring FrameworkServlet 'dispatcherServlet'
2018-09-14 at 17:19:58 CST INFO  org.springframework.boot.StartupInfoLogger 50 logStarting - Starting Application on 111-PC with PID 3756 (E:\p\platform-mall\platform-api\target\classes started by 111 in E:\p\platform-mall)
2018-09-14 at 17:19:58 CST INFO  org.springframework.boot.SpringApplication 652 logStartupProfileInfo - No active profile set, falling back to default profiles: default
2018-09-14 at 17:20:01 CST INFO  org.apache.juli.logging.DirectJDKLog 180 log - Initializing ProtocolHandler ["http-nio-8080"]
2018-09-14 at 17:20:01 CST INFO  org.apache.juli.logging.DirectJDKLog 180 log - Starting service [Tomcat]
2018-09-14 at 17:20:01 CST INFO  org.apache.juli.logging.DirectJDKLog 180 log - Starting Servlet Engine: Apache Tomcat/8.5.28
2018-09-14 at 17:20:01 CST INFO  org.apache.juli.logging.DirectJDKLog 180 log - The APR based Apache Tomcat Native library which allows optimal performance in production environments was not found on the java.library.path: [D:\Program Files\Java\jdk1.8.0_131\bin;C:\WINDOWS\Sun\Java\bin;C:\WINDOWS\system32;C:\WINDOWS;C:\WINDOWS\system32;C:\WINDOWS;C:\WINDOWS\System32\Wbem;C:\WINDOWS\System32\WindowsPowerShell\v1.0\;C:\WINDOWS\System32\OpenSSH\;D:\Users\111\AppData\Local\Programs\Python\Python36;C:\Program Files\Git\cmd;D:\Users\111\AppData\Local\Programs\Python\Python36\Scripts;D:\Program Files\apache-maven-3.5.0\bin;D:\Program Files\Java\jdk1.8.0_131\bin;D:\Program Files\Java\jdk1.8.0_131\lib\tools.jar;D:\Program Files\Java\jdk1.8.0_131\lib\dt.jar;"D:\Program Files\Java\jdk1.8.0_131\jre\bin;";C:\Users\111\AppData\Local\Microsoft\WindowsApps;;.]
2018-09-14 at 17:20:01 CST INFO  org.apache.juli.logging.DirectJDKLog 180 log - Initializing Spring embedded WebApplicationContext
2018-09-14 at 17:20:01 CST INFO  com.alibaba.druid.pool.DruidDataSource 930 init - {dataSource-1} inited
2018-09-14 at 17:20:02 CST INFO  org.hibernate.jpa.internal.util.LogHelper 31 logPersistenceUnitInformation - HHH000204: Processing PersistenceUnitInfo [
	name: default
	...]
2018-09-14 at 17:20:02 CST INFO  org.hibernate.Version 45 logVersion - HHH000412: Hibernate Core {5.2.14.Final}
2018-09-14 at 17:20:02 CST INFO  org.hibernate.cfg.Environment 213 <clinit> - HHH000206: hibernate.properties not found
2018-09-14 at 17:20:02 CST INFO  org.hibernate.annotations.common.reflection.java.JavaReflectionManager 66 <clinit> - HCANN000001: Hibernate Commons Annotations {5.0.1.Final}
2018-09-14 at 17:20:02 CST INFO  org.hibernate.dialect.Dialect 157 <init> - HHH000400: Using dialect: org.hibernate.dialect.MySQL5Dialect
2018-09-14 at 17:20:04 CST INFO  org.apache.juli.logging.DirectJDKLog 180 log - Starting ProtocolHandler ["http-nio-8080"]
2018-09-14 at 17:20:04 CST INFO  org.apache.juli.logging.DirectJDKLog 180 log - Using a shared selector for servlet write/read
2018-09-14 at 17:20:04 CST INFO  org.springframework.boot.StartupInfoLogger 59 logStarted - Started Application in 6.174 seconds (JVM running for 7.451)
2018-09-14 at 17:20:29 CST INFO  org.springframework.boot.StartupInfoLogger 50 logStarting - Starting Application on 111-PC with PID 13576 (E:\p\platform-mall\platform-api\target\classes started by 111 in E:\p\platform-mall)
2018-09-14 at 17:20:29 CST INFO  org.springframework.boot.SpringApplication 652 logStartupProfileInfo - No active profile set, falling back to default profiles: default
2018-09-14 at 17:20:31 CST INFO  org.apache.juli.logging.DirectJDKLog 180 log - Initializing ProtocolHandler ["http-nio-8080"]
2018-09-14 at 17:20:31 CST INFO  org.apache.juli.logging.DirectJDKLog 180 log - Starting service [Tomcat]
2018-09-14 at 17:20:31 CST INFO  org.apache.juli.logging.DirectJDKLog 180 log - Starting Servlet Engine: Apache Tomcat/8.5.28
2018-09-14 at 17:20:31 CST INFO  org.apache.juli.logging.DirectJDKLog 180 log - The APR based Apache Tomcat Native library which allows optimal performance in production environments was not found on the java.library.path: [D:\Program Files\Java\jdk1.8.0_131\bin;C:\WINDOWS\Sun\Java\bin;C:\WINDOWS\system32;C:\WINDOWS;C:\WINDOWS\system32;C:\WINDOWS;C:\WINDOWS\System32\Wbem;C:\WINDOWS\System32\WindowsPowerShell\v1.0\;C:\WINDOWS\System32\OpenSSH\;D:\Users\111\AppData\Local\Programs\Python\Python36;C:\Program Files\Git\cmd;D:\Users\111\AppData\Local\Programs\Python\Python36\Scripts;D:\Program Files\apache-maven-3.5.0\bin;D:\Program Files\Java\jdk1.8.0_131\bin;D:\Program Files\Java\jdk1.8.0_131\lib\tools.jar;D:\Program Files\Java\jdk1.8.0_131\lib\dt.jar;"D:\Program Files\Java\jdk1.8.0_131\jre\bin;";C:\Users\111\AppData\Local\Microsoft\WindowsApps;;.]
2018-09-14 at 17:20:31 CST INFO  org.apache.juli.logging.DirectJDKLog 180 log - Initializing Spring embedded WebApplicationContext
2018-09-14 at 17:20:32 CST INFO  com.alibaba.druid.pool.DruidDataSource 930 init - {dataSource-1} inited
2018-09-14 at 17:20:32 CST INFO  org.hibernate.jpa.internal.util.LogHelper 31 logPersistenceUnitInformation - HHH000204: Processing PersistenceUnitInfo [
	name: default
	...]
2018-09-14 at 17:20:32 CST INFO  org.hibernate.Version 45 logVersion - HHH000412: Hibernate Core {5.2.14.Final}
2018-09-14 at 17:20:32 CST INFO  org.hibernate.cfg.Environment 213 <clinit> - HHH000206: hibernate.properties not found
2018-09-14 at 17:20:32 CST INFO  org.hibernate.annotations.common.reflection.java.JavaReflectionManager 66 <clinit> - HCANN000001: Hibernate Commons Annotations {5.0.1.Final}
2018-09-14 at 17:20:32 CST INFO  org.hibernate.dialect.Dialect 157 <init> - HHH000400: Using dialect: org.hibernate.dialect.MySQL5Dialect
2018-09-14 at 17:20:34 CST INFO  org.apache.juli.logging.DirectJDKLog 180 log - Starting ProtocolHandler ["http-nio-8080"]
2018-09-14 at 17:20:34 CST INFO  org.apache.juli.logging.DirectJDKLog 180 log - Using a shared selector for servlet write/read
2018-09-14 at 17:20:34 CST INFO  org.springframework.boot.StartupInfoLogger 59 logStarted - Started Application in 6.216 seconds (JVM running for 7.913)
2018-09-14 at 17:20:37 CST INFO  org.apache.juli.logging.DirectJDKLog 180 log - Initializing Spring FrameworkServlet 'dispatcherServlet'
2018-09-14 at 17:21:14 CST INFO  org.springframework.boot.StartupInfoLogger 50 logStarting - Starting Application on 111-PC with PID 15044 (E:\p\platform-mall\platform-api\target\classes started by 111 in E:\p\platform-mall)
2018-09-14 at 17:21:14 CST INFO  org.springframework.boot.SpringApplication 652 logStartupProfileInfo - No active profile set, falling back to default profiles: default
2018-09-14 at 17:21:16 CST INFO  org.apache.juli.logging.DirectJDKLog 180 log - Initializing ProtocolHandler ["http-nio-8080"]
2018-09-14 at 17:21:16 CST INFO  org.apache.juli.logging.DirectJDKLog 180 log - Starting service [Tomcat]
2018-09-14 at 17:21:16 CST INFO  org.apache.juli.logging.DirectJDKLog 180 log - Starting Servlet Engine: Apache Tomcat/8.5.28
2018-09-14 at 17:21:16 CST INFO  org.apache.juli.logging.DirectJDKLog 180 log - The APR based Apache Tomcat Native library which allows optimal performance in production environments was not found on the java.library.path: [D:\Program Files\Java\jdk1.8.0_131\bin;C:\WINDOWS\Sun\Java\bin;C:\WINDOWS\system32;C:\WINDOWS;C:\WINDOWS\system32;C:\WINDOWS;C:\WINDOWS\System32\Wbem;C:\WINDOWS\System32\WindowsPowerShell\v1.0\;C:\WINDOWS\System32\OpenSSH\;D:\Users\111\AppData\Local\Programs\Python\Python36;C:\Program Files\Git\cmd;D:\Users\111\AppData\Local\Programs\Python\Python36\Scripts;D:\Program Files\apache-maven-3.5.0\bin;D:\Program Files\Java\jdk1.8.0_131\bin;D:\Program Files\Java\jdk1.8.0_131\lib\tools.jar;D:\Program Files\Java\jdk1.8.0_131\lib\dt.jar;"D:\Program Files\Java\jdk1.8.0_131\jre\bin;";C:\Users\111\AppData\Local\Microsoft\WindowsApps;;.]
2018-09-14 at 17:21:16 CST INFO  org.apache.juli.logging.DirectJDKLog 180 log - Initializing Spring embedded WebApplicationContext
2018-09-14 at 17:21:17 CST INFO  com.alibaba.druid.pool.DruidDataSource 930 init - {dataSource-1} inited
2018-09-14 at 17:21:17 CST INFO  org.hibernate.jpa.internal.util.LogHelper 31 logPersistenceUnitInformation - HHH000204: Processing PersistenceUnitInfo [
	name: default
	...]
2018-09-14 at 17:21:17 CST INFO  org.hibernate.Version 45 logVersion - HHH000412: Hibernate Core {5.2.14.Final}
2018-09-14 at 17:21:17 CST INFO  org.hibernate.cfg.Environment 213 <clinit> - HHH000206: hibernate.properties not found
2018-09-14 at 17:21:17 CST INFO  org.hibernate.annotations.common.reflection.java.JavaReflectionManager 66 <clinit> - HCANN000001: Hibernate Commons Annotations {5.0.1.Final}
2018-09-14 at 17:21:17 CST INFO  org.hibernate.dialect.Dialect 157 <init> - HHH000400: Using dialect: org.hibernate.dialect.MySQL5Dialect
2018-09-14 at 17:21:19 CST INFO  org.apache.juli.logging.DirectJDKLog 180 log - Starting ProtocolHandler ["http-nio-8080"]
2018-09-14 at 17:21:19 CST INFO  org.apache.juli.logging.DirectJDKLog 180 log - Using a shared selector for servlet write/read
2018-09-14 at 17:21:19 CST INFO  org.springframework.boot.StartupInfoLogger 59 logStarted - Started Application in 6.231 seconds (JVM running for 7.669)
2018-09-14 at 17:21:23 CST INFO  org.apache.juli.logging.DirectJDKLog 180 log - Initializing Spring FrameworkServlet 'dispatcherServlet'
2018-09-14 at 17:22:28 CST INFO  org.springframework.boot.StartupInfoLogger 50 logStarting - Starting Application on 111-PC with PID 14568 (E:\p\platform-mall\platform-api\target\classes started by 111 in E:\p\platform-mall)
2018-09-14 at 17:22:28 CST INFO  org.springframework.boot.SpringApplication 652 logStartupProfileInfo - No active profile set, falling back to default profiles: default
2018-09-14 at 17:22:30 CST INFO  org.apache.juli.logging.DirectJDKLog 180 log - Initializing ProtocolHandler ["http-nio-8080"]
2018-09-14 at 17:22:30 CST INFO  org.apache.juli.logging.DirectJDKLog 180 log - Starting service [Tomcat]
2018-09-14 at 17:22:30 CST INFO  org.apache.juli.logging.DirectJDKLog 180 log - Starting Servlet Engine: Apache Tomcat/8.5.28
2018-09-14 at 17:22:30 CST INFO  org.apache.juli.logging.DirectJDKLog 180 log - The APR based Apache Tomcat Native library which allows optimal performance in production environments was not found on the java.library.path: [D:\Program Files\Java\jdk1.8.0_131\bin;C:\WINDOWS\Sun\Java\bin;C:\WINDOWS\system32;C:\WINDOWS;C:\WINDOWS\system32;C:\WINDOWS;C:\WINDOWS\System32\Wbem;C:\WINDOWS\System32\WindowsPowerShell\v1.0\;C:\WINDOWS\System32\OpenSSH\;D:\Users\111\AppData\Local\Programs\Python\Python36;C:\Program Files\Git\cmd;D:\Users\111\AppData\Local\Programs\Python\Python36\Scripts;D:\Program Files\apache-maven-3.5.0\bin;D:\Program Files\Java\jdk1.8.0_131\bin;D:\Program Files\Java\jdk1.8.0_131\lib\tools.jar;D:\Program Files\Java\jdk1.8.0_131\lib\dt.jar;"D:\Program Files\Java\jdk1.8.0_131\jre\bin;";C:\Users\111\AppData\Local\Microsoft\WindowsApps;;.]
2018-09-14 at 17:22:30 CST INFO  org.apache.juli.logging.DirectJDKLog 180 log - Initializing Spring embedded WebApplicationContext
2018-09-14 at 17:22:31 CST INFO  com.alibaba.druid.pool.DruidDataSource 930 init - {dataSource-1} inited
2018-09-14 at 17:22:31 CST INFO  org.hibernate.jpa.internal.util.LogHelper 31 logPersistenceUnitInformation - HHH000204: Processing PersistenceUnitInfo [
	name: default
	...]
2018-09-14 at 17:22:31 CST INFO  org.hibernate.Version 45 logVersion - HHH000412: Hibernate Core {5.2.14.Final}
2018-09-14 at 17:22:31 CST INFO  org.hibernate.cfg.Environment 213 <clinit> - HHH000206: hibernate.properties not found
2018-09-14 at 17:22:31 CST INFO  org.hibernate.annotations.common.reflection.java.JavaReflectionManager 66 <clinit> - HCANN000001: Hibernate Commons Annotations {5.0.1.Final}
2018-09-14 at 17:22:31 CST INFO  org.hibernate.dialect.Dialect 157 <init> - HHH000400: Using dialect: org.hibernate.dialect.MySQL5Dialect
2018-09-14 at 17:22:33 CST INFO  org.apache.juli.logging.DirectJDKLog 180 log - Starting ProtocolHandler ["http-nio-8080"]
2018-09-14 at 17:22:33 CST INFO  org.apache.juli.logging.DirectJDKLog 180 log - Using a shared selector for servlet write/read
2018-09-14 at 17:22:33 CST INFO  org.springframework.boot.StartupInfoLogger 59 logStarted - Started Application in 5.582 seconds (JVM running for 7.039)
2018-09-14 at 17:23:01 CST INFO  org.springframework.boot.StartupInfoLogger 50 logStarting - Starting Application on 111-PC with PID 15076 (E:\p\platform-mall\platform-api\target\classes started by 111 in E:\p\platform-mall)
2018-09-14 at 17:23:01 CST INFO  org.springframework.boot.SpringApplication 652 logStartupProfileInfo - No active profile set, falling back to default profiles: default
2018-09-14 at 17:23:03 CST INFO  org.apache.juli.logging.DirectJDKLog 180 log - Initializing ProtocolHandler ["http-nio-8080"]
2018-09-14 at 17:23:03 CST INFO  org.apache.juli.logging.DirectJDKLog 180 log - Starting service [Tomcat]
2018-09-14 at 17:23:03 CST INFO  org.apache.juli.logging.DirectJDKLog 180 log - Starting Servlet Engine: Apache Tomcat/8.5.28
2018-09-14 at 17:23:03 CST INFO  org.apache.juli.logging.DirectJDKLog 180 log - The APR based Apache Tomcat Native library which allows optimal performance in production environments was not found on the java.library.path: [D:\Program Files\Java\jdk1.8.0_131\bin;C:\WINDOWS\Sun\Java\bin;C:\WINDOWS\system32;C:\WINDOWS;C:\WINDOWS\system32;C:\WINDOWS;C:\WINDOWS\System32\Wbem;C:\WINDOWS\System32\WindowsPowerShell\v1.0\;C:\WINDOWS\System32\OpenSSH\;D:\Users\111\AppData\Local\Programs\Python\Python36;C:\Program Files\Git\cmd;D:\Users\111\AppData\Local\Programs\Python\Python36\Scripts;D:\Program Files\apache-maven-3.5.0\bin;D:\Program Files\Java\jdk1.8.0_131\bin;D:\Program Files\Java\jdk1.8.0_131\lib\tools.jar;D:\Program Files\Java\jdk1.8.0_131\lib\dt.jar;"D:\Program Files\Java\jdk1.8.0_131\jre\bin;";C:\Users\111\AppData\Local\Microsoft\WindowsApps;;.]
2018-09-14 at 17:23:03 CST INFO  org.apache.juli.logging.DirectJDKLog 180 log - Initializing Spring embedded WebApplicationContext
2018-09-14 at 17:23:04 CST INFO  com.alibaba.druid.pool.DruidDataSource 930 init - {dataSource-1} inited
2018-09-14 at 17:23:04 CST INFO  org.hibernate.jpa.internal.util.LogHelper 31 logPersistenceUnitInformation - HHH000204: Processing PersistenceUnitInfo [
	name: default
	...]
2018-09-14 at 17:23:04 CST INFO  org.hibernate.Version 45 logVersion - HHH000412: Hibernate Core {5.2.14.Final}
2018-09-14 at 17:23:04 CST INFO  org.hibernate.cfg.Environment 213 <clinit> - HHH000206: hibernate.properties not found
2018-09-14 at 17:23:04 CST INFO  org.hibernate.annotations.common.reflection.java.JavaReflectionManager 66 <clinit> - HCANN000001: Hibernate Commons Annotations {5.0.1.Final}
2018-09-14 at 17:23:04 CST INFO  org.hibernate.dialect.Dialect 157 <init> - HHH000400: Using dialect: org.hibernate.dialect.MySQL5Dialect
2018-09-14 at 17:23:06 CST INFO  org.apache.juli.logging.DirectJDKLog 180 log - Starting ProtocolHandler ["http-nio-8080"]
2018-09-14 at 17:23:06 CST INFO  org.apache.juli.logging.DirectJDKLog 180 log - Using a shared selector for servlet write/read
2018-09-14 at 17:23:06 CST INFO  org.springframework.boot.StartupInfoLogger 59 logStarted - Started Application in 5.312 seconds (JVM running for 6.758)
2018-09-14 at 17:23:12 CST INFO  org.apache.juli.logging.DirectJDKLog 180 log - Initializing Spring FrameworkServlet 'dispatcherServlet'
2018-09-14 at 17:24:58 CST INFO  org.springframework.boot.StartupInfoLogger 50 logStarting - Starting Application on 111-PC with PID 15100 (E:\p\platform-mall\platform-api\target\classes started by 111 in E:\p\platform-mall)
2018-09-14 at 17:24:58 CST INFO  org.springframework.boot.SpringApplication 652 logStartupProfileInfo - No active profile set, falling back to default profiles: default
2018-09-14 at 17:25:00 CST INFO  org.apache.juli.logging.DirectJDKLog 180 log - Initializing ProtocolHandler ["http-nio-8080"]
2018-09-14 at 17:25:00 CST INFO  org.apache.juli.logging.DirectJDKLog 180 log - Starting service [Tomcat]
2018-09-14 at 17:25:00 CST INFO  org.apache.juli.logging.DirectJDKLog 180 log - Starting Servlet Engine: Apache Tomcat/8.5.28
2018-09-14 at 17:25:00 CST INFO  org.apache.juli.logging.DirectJDKLog 180 log - The APR based Apache Tomcat Native library which allows optimal performance in production environments was not found on the java.library.path: [D:\Program Files\Java\jdk1.8.0_131\bin;C:\WINDOWS\Sun\Java\bin;C:\WINDOWS\system32;C:\WINDOWS;C:\WINDOWS\system32;C:\WINDOWS;C:\WINDOWS\System32\Wbem;C:\WINDOWS\System32\WindowsPowerShell\v1.0\;C:\WINDOWS\System32\OpenSSH\;D:\Users\111\AppData\Local\Programs\Python\Python36;C:\Program Files\Git\cmd;D:\Users\111\AppData\Local\Programs\Python\Python36\Scripts;D:\Program Files\apache-maven-3.5.0\bin;D:\Program Files\Java\jdk1.8.0_131\bin;D:\Program Files\Java\jdk1.8.0_131\lib\tools.jar;D:\Program Files\Java\jdk1.8.0_131\lib\dt.jar;"D:\Program Files\Java\jdk1.8.0_131\jre\bin;";C:\Users\111\AppData\Local\Microsoft\WindowsApps;;.]
2018-09-14 at 17:25:00 CST INFO  org.apache.juli.logging.DirectJDKLog 180 log - Initializing Spring embedded WebApplicationContext
2018-09-14 at 17:25:00 CST INFO  com.alibaba.druid.pool.DruidDataSource 930 init - {dataSource-1} inited
2018-09-14 at 17:25:01 CST INFO  org.hibernate.jpa.internal.util.LogHelper 31 logPersistenceUnitInformation - HHH000204: Processing PersistenceUnitInfo [
	name: default
	...]
2018-09-14 at 17:25:01 CST INFO  org.hibernate.Version 45 logVersion - HHH000412: Hibernate Core {5.2.14.Final}
2018-09-14 at 17:25:01 CST INFO  org.hibernate.cfg.Environment 213 <clinit> - HHH000206: hibernate.properties not found
2018-09-14 at 17:25:01 CST INFO  org.hibernate.annotations.common.reflection.java.JavaReflectionManager 66 <clinit> - HCANN000001: Hibernate Commons Annotations {5.0.1.Final}
2018-09-14 at 17:25:01 CST INFO  org.hibernate.dialect.Dialect 157 <init> - HHH000400: Using dialect: org.hibernate.dialect.MySQL5Dialect
2018-09-14 at 17:25:03 CST INFO  org.apache.juli.logging.DirectJDKLog 180 log - Starting ProtocolHandler ["http-nio-8080"]
2018-09-14 at 17:25:03 CST INFO  org.apache.juli.logging.DirectJDKLog 180 log - Using a shared selector for servlet write/read
2018-09-14 at 17:25:03 CST INFO  org.springframework.boot.StartupInfoLogger 59 logStarted - Started Application in 5.433 seconds (JVM running for 7.223)
2018-09-14 at 17:25:16 CST INFO  org.apache.juli.logging.DirectJDKLog 180 log - Initializing Spring FrameworkServlet 'dispatcherServlet'
2018-09-14 at 17:25:44 CST INFO  org.springframework.boot.StartupInfoLogger 50 logStarting - Starting Application on 111-PC with PID 876 (E:\p\platform-mall\platform-api\target\classes started by 111 in E:\p\platform-mall)
2018-09-14 at 17:25:44 CST INFO  org.springframework.boot.SpringApplication 652 logStartupProfileInfo - No active profile set, falling back to default profiles: default
2018-09-14 at 17:25:45 CST INFO  org.apache.juli.logging.DirectJDKLog 180 log - Initializing ProtocolHandler ["http-nio-8080"]
2018-09-14 at 17:25:45 CST INFO  org.apache.juli.logging.DirectJDKLog 180 log - Starting service [Tomcat]
2018-09-14 at 17:25:45 CST INFO  org.apache.juli.logging.DirectJDKLog 180 log - Starting Servlet Engine: Apache Tomcat/8.5.28
2018-09-14 at 17:25:45 CST INFO  org.apache.juli.logging.DirectJDKLog 180 log - The APR based Apache Tomcat Native library which allows optimal performance in production environments was not found on the java.library.path: [D:\Program Files\Java\jdk1.8.0_131\bin;C:\WINDOWS\Sun\Java\bin;C:\WINDOWS\system32;C:\WINDOWS;C:\WINDOWS\system32;C:\WINDOWS;C:\WINDOWS\System32\Wbem;C:\WINDOWS\System32\WindowsPowerShell\v1.0\;C:\WINDOWS\System32\OpenSSH\;D:\Users\111\AppData\Local\Programs\Python\Python36;C:\Program Files\Git\cmd;D:\Users\111\AppData\Local\Programs\Python\Python36\Scripts;D:\Program Files\apache-maven-3.5.0\bin;D:\Program Files\Java\jdk1.8.0_131\bin;D:\Program Files\Java\jdk1.8.0_131\lib\tools.jar;D:\Program Files\Java\jdk1.8.0_131\lib\dt.jar;"D:\Program Files\Java\jdk1.8.0_131\jre\bin;";C:\Users\111\AppData\Local\Microsoft\WindowsApps;;.]
2018-09-14 at 17:25:46 CST INFO  org.apache.juli.logging.DirectJDKLog 180 log - Initializing Spring embedded WebApplicationContext
2018-09-14 at 17:25:46 CST INFO  com.alibaba.druid.pool.DruidDataSource 930 init - {dataSource-1} inited
2018-09-14 at 17:25:46 CST INFO  org.hibernate.jpa.internal.util.LogHelper 31 logPersistenceUnitInformation - HHH000204: Processing PersistenceUnitInfo [
	name: default
	...]
2018-09-14 at 17:25:47 CST INFO  org.hibernate.Version 45 logVersion - HHH000412: Hibernate Core {5.2.14.Final}
2018-09-14 at 17:25:47 CST INFO  org.hibernate.cfg.Environment 213 <clinit> - HHH000206: hibernate.properties not found
2018-09-14 at 17:25:47 CST INFO  org.hibernate.annotations.common.reflection.java.JavaReflectionManager 66 <clinit> - HCANN000001: Hibernate Commons Annotations {5.0.1.Final}
2018-09-14 at 17:25:47 CST INFO  org.hibernate.dialect.Dialect 157 <init> - HHH000400: Using dialect: org.hibernate.dialect.MySQL5Dialect
2018-09-14 at 17:25:49 CST INFO  org.apache.juli.logging.DirectJDKLog 180 log - Starting ProtocolHandler ["http-nio-8080"]
2018-09-14 at 17:25:49 CST INFO  org.apache.juli.logging.DirectJDKLog 180 log - Using a shared selector for servlet write/read
2018-09-14 at 17:25:49 CST INFO  org.springframework.boot.StartupInfoLogger 59 logStarted - Started Application in 5.131 seconds (JVM running for 6.911)
2018-09-14 at 17:25:53 CST INFO  org.apache.juli.logging.DirectJDKLog 180 log - Initializing Spring FrameworkServlet 'dispatcherServlet'
2018-09-14 at 17:37:27 CST INFO  org.springframework.boot.StartupInfoLogger 50 logStarting - Starting Application on 111-PC with PID 13412 (E:\p\platform-mall\platform-api\target\classes started by 111 in E:\p\platform-mall)
2018-09-14 at 17:37:27 CST INFO  org.springframework.boot.SpringApplication 652 logStartupProfileInfo - No active profile set, falling back to default profiles: default
2018-09-14 at 17:37:29 CST INFO  org.apache.juli.logging.DirectJDKLog 180 log - Initializing ProtocolHandler ["http-nio-8080"]
2018-09-14 at 17:37:29 CST INFO  org.apache.juli.logging.DirectJDKLog 180 log - Starting service [Tomcat]
2018-09-14 at 17:37:29 CST INFO  org.apache.juli.logging.DirectJDKLog 180 log - Starting Servlet Engine: Apache Tomcat/8.5.28
2018-09-14 at 17:37:29 CST INFO  org.apache.juli.logging.DirectJDKLog 180 log - The APR based Apache Tomcat Native library which allows optimal performance in production environments was not found on the java.library.path: [D:\Program Files\Java\jdk1.8.0_131\bin;C:\WINDOWS\Sun\Java\bin;C:\WINDOWS\system32;C:\WINDOWS;C:\WINDOWS\system32;C:\WINDOWS;C:\WINDOWS\System32\Wbem;C:\WINDOWS\System32\WindowsPowerShell\v1.0\;C:\WINDOWS\System32\OpenSSH\;D:\Users\111\AppData\Local\Programs\Python\Python36;C:\Program Files\Git\cmd;D:\Users\111\AppData\Local\Programs\Python\Python36\Scripts;D:\Program Files\apache-maven-3.5.0\bin;D:\Program Files\Java\jdk1.8.0_131\bin;D:\Program Files\Java\jdk1.8.0_131\lib\tools.jar;D:\Program Files\Java\jdk1.8.0_131\lib\dt.jar;"D:\Program Files\Java\jdk1.8.0_131\jre\bin;";C:\Users\111\AppData\Local\Microsoft\WindowsApps;;.]
2018-09-14 at 17:37:29 CST INFO  org.apache.juli.logging.DirectJDKLog 180 log - Initializing Spring embedded WebApplicationContext
2018-09-14 at 17:37:29 CST INFO  com.alibaba.druid.pool.DruidDataSource 930 init - {dataSource-1} inited
2018-09-14 at 17:37:30 CST INFO  org.hibernate.jpa.internal.util.LogHelper 31 logPersistenceUnitInformation - HHH000204: Processing PersistenceUnitInfo [
	name: default
	...]
2018-09-14 at 17:37:30 CST INFO  org.hibernate.Version 45 logVersion - HHH000412: Hibernate Core {5.2.14.Final}
2018-09-14 at 17:37:30 CST INFO  org.hibernate.cfg.Environment 213 <clinit> - HHH000206: hibernate.properties not found
2018-09-14 at 17:37:30 CST INFO  org.hibernate.annotations.common.reflection.java.JavaReflectionManager 66 <clinit> - HCANN000001: Hibernate Commons Annotations {5.0.1.Final}
2018-09-14 at 17:37:30 CST INFO  org.hibernate.dialect.Dialect 157 <init> - HHH000400: Using dialect: org.hibernate.dialect.MySQL5Dialect
2018-09-14 at 17:37:31 CST INFO  org.apache.juli.logging.DirectJDKLog 180 log - Starting ProtocolHandler ["http-nio-8080"]
2018-09-14 at 17:37:32 CST INFO  org.apache.juli.logging.DirectJDKLog 180 log - Using a shared selector for servlet write/read
2018-09-14 at 17:37:32 CST INFO  org.springframework.boot.StartupInfoLogger 59 logStarted - Started Application in 6.202 seconds (JVM running for 7.633)
2018-09-14 at 17:37:35 CST INFO  org.apache.juli.logging.DirectJDKLog 180 log - Initializing Spring FrameworkServlet 'dispatcherServlet'
2018-09-14 at 17:54:33 CST INFO  org.springframework.boot.StartupInfoLogger 50 logStarting - Starting Application on 111-PC with PID 444 (E:\p\platform-mall\platform-api\target\classes started by 111 in E:\p\platform-mall)
2018-09-14 at 17:54:33 CST INFO  org.springframework.boot.SpringApplication 652 logStartupProfileInfo - No active profile set, falling back to default profiles: default
2018-09-14 at 17:54:36 CST INFO  org.apache.juli.logging.DirectJDKLog 180 log - Initializing ProtocolHandler ["http-nio-8080"]
2018-09-14 at 17:54:36 CST INFO  org.apache.juli.logging.DirectJDKLog 180 log - Starting service [Tomcat]
2018-09-14 at 17:54:36 CST INFO  org.apache.juli.logging.DirectJDKLog 180 log - Starting Servlet Engine: Apache Tomcat/8.5.28
2018-09-14 at 17:54:36 CST INFO  org.apache.juli.logging.DirectJDKLog 180 log - The APR based Apache Tomcat Native library which allows optimal performance in production environments was not found on the java.library.path: [D:\Program Files\Java\jdk1.8.0_131\bin;C:\WINDOWS\Sun\Java\bin;C:\WINDOWS\system32;C:\WINDOWS;C:\WINDOWS\system32;C:\WINDOWS;C:\WINDOWS\System32\Wbem;C:\WINDOWS\System32\WindowsPowerShell\v1.0\;C:\WINDOWS\System32\OpenSSH\;D:\Users\111\AppData\Local\Programs\Python\Python36;C:\Program Files\Git\cmd;D:\Users\111\AppData\Local\Programs\Python\Python36\Scripts;D:\Program Files\apache-maven-3.5.0\bin;D:\Program Files\Java\jdk1.8.0_131\bin;D:\Program Files\Java\jdk1.8.0_131\lib\tools.jar;D:\Program Files\Java\jdk1.8.0_131\lib\dt.jar;"D:\Program Files\Java\jdk1.8.0_131\jre\bin;";C:\Users\111\AppData\Local\Microsoft\WindowsApps;;.]
2018-09-14 at 17:54:36 CST INFO  org.apache.juli.logging.DirectJDKLog 180 log - Initializing Spring embedded WebApplicationContext
2018-09-14 at 17:54:37 CST INFO  com.alibaba.druid.pool.DruidDataSource 930 init - {dataSource-1} inited
2018-09-14 at 17:54:37 CST INFO  org.hibernate.jpa.internal.util.LogHelper 31 logPersistenceUnitInformation - HHH000204: Processing PersistenceUnitInfo [
	name: default
	...]
2018-09-14 at 17:54:37 CST INFO  org.hibernate.Version 45 logVersion - HHH000412: Hibernate Core {5.2.14.Final}
2018-09-14 at 17:54:37 CST INFO  org.hibernate.cfg.Environment 213 <clinit> - HHH000206: hibernate.properties not found
2018-09-14 at 17:54:37 CST INFO  org.hibernate.annotations.common.reflection.java.JavaReflectionManager 66 <clinit> - HCANN000001: Hibernate Commons Annotations {5.0.1.Final}
2018-09-14 at 17:54:37 CST INFO  org.hibernate.dialect.Dialect 157 <init> - HHH000400: Using dialect: org.hibernate.dialect.MySQL5Dialect
2018-09-14 at 17:54:39 CST INFO  org.apache.juli.logging.DirectJDKLog 180 log - Starting ProtocolHandler ["http-nio-8080"]
2018-09-14 at 17:54:39 CST INFO  org.apache.juli.logging.DirectJDKLog 180 log - Using a shared selector for servlet write/read
2018-09-14 at 17:54:39 CST INFO  org.springframework.boot.StartupInfoLogger 59 logStarted - Started Application in 6.648 seconds (JVM running for 8.185)
2018-09-14 at 17:54:48 CST INFO  org.apache.juli.logging.DirectJDKLog 180 log - Initializing Spring FrameworkServlet 'dispatcherServlet'
2018-09-14 at 17:59:38 CST INFO  org.springframework.boot.StartupInfoLogger 50 logStarting - Starting Application on 111-PC with PID 14000 (E:\p\platform-mall\platform-api\target\classes started by 111 in E:\p\platform-mall)
2018-09-14 at 17:59:38 CST INFO  org.springframework.boot.SpringApplication 652 logStartupProfileInfo - No active profile set, falling back to default profiles: default
2018-09-14 at 17:59:40 CST INFO  org.apache.juli.logging.DirectJDKLog 180 log - Initializing ProtocolHandler ["http-nio-8080"]
2018-09-14 at 17:59:40 CST INFO  org.apache.juli.logging.DirectJDKLog 180 log - Starting service [Tomcat]
2018-09-14 at 17:59:40 CST INFO  org.apache.juli.logging.DirectJDKLog 180 log - Starting Servlet Engine: Apache Tomcat/8.5.28
2018-09-14 at 17:59:40 CST INFO  org.apache.juli.logging.DirectJDKLog 180 log - The APR based Apache Tomcat Native library which allows optimal performance in production environments was not found on the java.library.path: [D:\Program Files\Java\jdk1.8.0_131\bin;C:\WINDOWS\Sun\Java\bin;C:\WINDOWS\system32;C:\WINDOWS;C:\WINDOWS\system32;C:\WINDOWS;C:\WINDOWS\System32\Wbem;C:\WINDOWS\System32\WindowsPowerShell\v1.0\;C:\WINDOWS\System32\OpenSSH\;D:\Users\111\AppData\Local\Programs\Python\Python36;C:\Program Files\Git\cmd;D:\Users\111\AppData\Local\Programs\Python\Python36\Scripts;D:\Program Files\apache-maven-3.5.0\bin;D:\Program Files\Java\jdk1.8.0_131\bin;D:\Program Files\Java\jdk1.8.0_131\lib\tools.jar;D:\Program Files\Java\jdk1.8.0_131\lib\dt.jar;"D:\Program Files\Java\jdk1.8.0_131\jre\bin;";C:\Users\111\AppData\Local\Microsoft\WindowsApps;;.]
2018-09-14 at 17:59:41 CST INFO  org.apache.juli.logging.DirectJDKLog 180 log - Initializing Spring embedded WebApplicationContext
2018-09-14 at 17:59:41 CST INFO  com.alibaba.druid.pool.DruidDataSource 930 init - {dataSource-1} inited
2018-09-14 at 17:59:41 CST INFO  org.hibernate.jpa.internal.util.LogHelper 31 logPersistenceUnitInformation - HHH000204: Processing PersistenceUnitInfo [
	name: default
	...]
2018-09-14 at 17:59:41 CST INFO  org.hibernate.Version 45 logVersion - HHH000412: Hibernate Core {5.2.14.Final}
2018-09-14 at 17:59:41 CST INFO  org.hibernate.cfg.Environment 213 <clinit> - HHH000206: hibernate.properties not found
2018-09-14 at 17:59:41 CST INFO  org.hibernate.annotations.common.reflection.java.JavaReflectionManager 66 <clinit> - HCANN000001: Hibernate Commons Annotations {5.0.1.Final}
2018-09-14 at 17:59:41 CST INFO  org.hibernate.dialect.Dialect 157 <init> - HHH000400: Using dialect: org.hibernate.dialect.MySQL5Dialect
2018-09-14 at 17:59:43 CST INFO  org.apache.juli.logging.DirectJDKLog 180 log - Starting ProtocolHandler ["http-nio-8080"]
2018-09-14 at 17:59:43 CST INFO  org.apache.juli.logging.DirectJDKLog 180 log - Using a shared selector for servlet write/read
2018-09-14 at 17:59:43 CST INFO  org.springframework.boot.StartupInfoLogger 59 logStarted - Started Application in 5.869 seconds (JVM running for 7.336)
2018-09-14 at 17:59:50 CST INFO  org.apache.juli.logging.DirectJDKLog 180 log - Initializing Spring FrameworkServlet 'dispatcherServlet'
2018-09-14 at 18:11:28 CST INFO  org.springframework.boot.StartupInfoLogger 50 logStarting - Starting Application on 111-PC with PID 6908 (E:\p\platform-mall\platform-api\target\classes started by 111 in E:\p\platform-mall)
2018-09-14 at 18:11:28 CST INFO  org.springframework.boot.SpringApplication 652 logStartupProfileInfo - No active profile set, falling back to default profiles: default
2018-09-14 at 18:11:29 CST INFO  org.apache.juli.logging.DirectJDKLog 180 log - Initializing ProtocolHandler ["http-nio-8080"]
2018-09-14 at 18:11:29 CST INFO  org.apache.juli.logging.DirectJDKLog 180 log - Starting service [Tomcat]
2018-09-14 at 18:11:29 CST INFO  org.apache.juli.logging.DirectJDKLog 180 log - Starting Servlet Engine: Apache Tomcat/8.5.28
2018-09-14 at 18:11:29 CST INFO  org.apache.juli.logging.DirectJDKLog 180 log - The APR based Apache Tomcat Native library which allows optimal performance in production environments was not found on the java.library.path: [D:\Program Files\Java\jdk1.8.0_131\bin;C:\WINDOWS\Sun\Java\bin;C:\WINDOWS\system32;C:\WINDOWS;C:\WINDOWS\system32;C:\WINDOWS;C:\WINDOWS\System32\Wbem;C:\WINDOWS\System32\WindowsPowerShell\v1.0\;C:\WINDOWS\System32\OpenSSH\;D:\Users\111\AppData\Local\Programs\Python\Python36;C:\Program Files\Git\cmd;D:\Users\111\AppData\Local\Programs\Python\Python36\Scripts;D:\Program Files\apache-maven-3.5.0\bin;D:\Program Files\Java\jdk1.8.0_131\bin;D:\Program Files\Java\jdk1.8.0_131\lib\tools.jar;D:\Program Files\Java\jdk1.8.0_131\lib\dt.jar;"D:\Program Files\Java\jdk1.8.0_131\jre\bin;";C:\Users\111\AppData\Local\Microsoft\WindowsApps;;.]
2018-09-14 at 18:11:30 CST INFO  org.apache.juli.logging.DirectJDKLog 180 log - Initializing Spring embedded WebApplicationContext
2018-09-14 at 18:11:30 CST INFO  com.alibaba.druid.pool.DruidDataSource 930 init - {dataSource-1} inited
2018-09-14 at 18:11:30 CST INFO  org.hibernate.jpa.internal.util.LogHelper 31 logPersistenceUnitInformation - HHH000204: Processing PersistenceUnitInfo [
	name: default
	...]
2018-09-14 at 18:11:30 CST INFO  org.hibernate.Version 45 logVersion - HHH000412: Hibernate Core {5.2.14.Final}
2018-09-14 at 18:11:30 CST INFO  org.hibernate.cfg.Environment 213 <clinit> - HHH000206: hibernate.properties not found
2018-09-14 at 18:11:30 CST INFO  org.hibernate.annotations.common.reflection.java.JavaReflectionManager 66 <clinit> - HCANN000001: Hibernate Commons Annotations {5.0.1.Final}
2018-09-14 at 18:11:31 CST INFO  org.hibernate.dialect.Dialect 157 <init> - HHH000400: Using dialect: org.hibernate.dialect.MySQL5Dialect
2018-09-14 at 18:11:32 CST INFO  org.apache.juli.logging.DirectJDKLog 180 log - Starting ProtocolHandler ["http-nio-8080"]
2018-09-14 at 18:11:32 CST INFO  org.apache.juli.logging.DirectJDKLog 180 log - Using a shared selector for servlet write/read
2018-09-14 at 18:11:32 CST INFO  org.springframework.boot.StartupInfoLogger 59 logStarted - Started Application in 5.286 seconds (JVM running for 6.945)
2018-09-14 at 18:11:39 CST INFO  org.apache.juli.logging.DirectJDKLog 180 log - Initializing Spring FrameworkServlet 'dispatcherServlet'
2018-09-14 at 18:12:33 CST INFO  org.springframework.boot.StartupInfoLogger 50 logStarting - Starting Application on 111-PC with PID 472 (E:\p\platform-mall\platform-api\target\classes started by 111 in E:\p\platform-mall)
2018-09-14 at 18:12:33 CST INFO  org.springframework.boot.SpringApplication 652 logStartupProfileInfo - No active profile set, falling back to default profiles: default
2018-09-14 at 18:12:35 CST INFO  org.apache.juli.logging.DirectJDKLog 180 log - Initializing ProtocolHandler ["http-nio-8080"]
2018-09-14 at 18:12:35 CST INFO  org.apache.juli.logging.DirectJDKLog 180 log - Starting service [Tomcat]
2018-09-14 at 18:12:35 CST INFO  org.apache.juli.logging.DirectJDKLog 180 log - Starting Servlet Engine: Apache Tomcat/8.5.28
2018-09-14 at 18:12:35 CST INFO  org.apache.juli.logging.DirectJDKLog 180 log - The APR based Apache Tomcat Native library which allows optimal performance in production environments was not found on the java.library.path: [D:\Program Files\Java\jdk1.8.0_131\bin;C:\WINDOWS\Sun\Java\bin;C:\WINDOWS\system32;C:\WINDOWS;C:\WINDOWS\system32;C:\WINDOWS;C:\WINDOWS\System32\Wbem;C:\WINDOWS\System32\WindowsPowerShell\v1.0\;C:\WINDOWS\System32\OpenSSH\;D:\Users\111\AppData\Local\Programs\Python\Python36;C:\Program Files\Git\cmd;D:\Users\111\AppData\Local\Programs\Python\Python36\Scripts;D:\Program Files\apache-maven-3.5.0\bin;D:\Program Files\Java\jdk1.8.0_131\bin;D:\Program Files\Java\jdk1.8.0_131\lib\tools.jar;D:\Program Files\Java\jdk1.8.0_131\lib\dt.jar;"D:\Program Files\Java\jdk1.8.0_131\jre\bin;";C:\Users\111\AppData\Local\Microsoft\WindowsApps;;.]
2018-09-14 at 18:12:35 CST INFO  org.apache.juli.logging.DirectJDKLog 180 log - Initializing Spring embedded WebApplicationContext
2018-09-14 at 18:12:36 CST INFO  com.alibaba.druid.pool.DruidDataSource 930 init - {dataSource-1} inited
2018-09-14 at 18:12:36 CST INFO  org.hibernate.jpa.internal.util.LogHelper 31 logPersistenceUnitInformation - HHH000204: Processing PersistenceUnitInfo [
	name: default
	...]
2018-09-14 at 18:12:36 CST INFO  org.hibernate.Version 45 logVersion - HHH000412: Hibernate Core {5.2.14.Final}
2018-09-14 at 18:12:36 CST INFO  org.hibernate.cfg.Environment 213 <clinit> - HHH000206: hibernate.properties not found
2018-09-14 at 18:12:36 CST INFO  org.hibernate.annotations.common.reflection.java.JavaReflectionManager 66 <clinit> - HCANN000001: Hibernate Commons Annotations {5.0.1.Final}
2018-09-14 at 18:12:36 CST INFO  org.hibernate.dialect.Dialect 157 <init> - HHH000400: Using dialect: org.hibernate.dialect.MySQL5Dialect
2018-09-14 at 18:12:38 CST INFO  org.apache.juli.logging.DirectJDKLog 180 log - Starting ProtocolHandler ["http-nio-8080"]
2018-09-14 at 18:12:38 CST INFO  org.apache.juli.logging.DirectJDKLog 180 log - Using a shared selector for servlet write/read
2018-09-14 at 18:12:38 CST INFO  org.springframework.boot.StartupInfoLogger 59 logStarted - Started Application in 5.408 seconds (JVM running for 6.86)
2018-09-14 at 18:12:40 CST INFO  org.apache.juli.logging.DirectJDKLog 180 log - Initializing Spring FrameworkServlet 'dispatcherServlet'
2018-09-14 at 18:13:37 CST INFO  org.springframework.boot.StartupInfoLogger 50 logStarting - Starting Application on 111-PC with PID 7944 (E:\p\platform-mall\platform-api\target\classes started by 111 in E:\p\platform-mall)
2018-09-14 at 18:13:37 CST INFO  org.springframework.boot.SpringApplication 652 logStartupProfileInfo - No active profile set, falling back to default profiles: default
2018-09-14 at 18:13:38 CST INFO  org.apache.juli.logging.DirectJDKLog 180 log - Initializing ProtocolHandler ["http-nio-8080"]
2018-09-14 at 18:13:38 CST INFO  org.apache.juli.logging.DirectJDKLog 180 log - Starting service [Tomcat]
2018-09-14 at 18:13:38 CST INFO  org.apache.juli.logging.DirectJDKLog 180 log - Starting Servlet Engine: Apache Tomcat/8.5.28
2018-09-14 at 18:13:38 CST INFO  org.apache.juli.logging.DirectJDKLog 180 log - The APR based Apache Tomcat Native library which allows optimal performance in production environments was not found on the java.library.path: [D:\Program Files\Java\jdk1.8.0_131\bin;C:\WINDOWS\Sun\Java\bin;C:\WINDOWS\system32;C:\WINDOWS;C:\WINDOWS\system32;C:\WINDOWS;C:\WINDOWS\System32\Wbem;C:\WINDOWS\System32\WindowsPowerShell\v1.0\;C:\WINDOWS\System32\OpenSSH\;D:\Users\111\AppData\Local\Programs\Python\Python36;C:\Program Files\Git\cmd;D:\Users\111\AppData\Local\Programs\Python\Python36\Scripts;D:\Program Files\apache-maven-3.5.0\bin;D:\Program Files\Java\jdk1.8.0_131\bin;D:\Program Files\Java\jdk1.8.0_131\lib\tools.jar;D:\Program Files\Java\jdk1.8.0_131\lib\dt.jar;"D:\Program Files\Java\jdk1.8.0_131\jre\bin;";C:\Users\111\AppData\Local\Microsoft\WindowsApps;;.]
2018-09-14 at 18:13:38 CST INFO  org.apache.juli.logging.DirectJDKLog 180 log - Initializing Spring embedded WebApplicationContext
2018-09-14 at 18:13:39 CST INFO  com.alibaba.druid.pool.DruidDataSource 930 init - {dataSource-1} inited
2018-09-14 at 18:13:39 CST INFO  org.hibernate.jpa.internal.util.LogHelper 31 logPersistenceUnitInformation - HHH000204: Processing PersistenceUnitInfo [
	name: default
	...]
2018-09-14 at 18:13:39 CST INFO  org.hibernate.Version 45 logVersion - HHH000412: Hibernate Core {5.2.14.Final}
2018-09-14 at 18:13:39 CST INFO  org.hibernate.cfg.Environment 213 <clinit> - HHH000206: hibernate.properties not found
2018-09-14 at 18:13:39 CST INFO  org.hibernate.annotations.common.reflection.java.JavaReflectionManager 66 <clinit> - HCANN000001: Hibernate Commons Annotations {5.0.1.Final}
2018-09-14 at 18:13:39 CST INFO  org.hibernate.dialect.Dialect 157 <init> - HHH000400: Using dialect: org.hibernate.dialect.MySQL5Dialect
2018-09-14 at 18:13:41 CST INFO  org.apache.juli.logging.DirectJDKLog 180 log - Starting ProtocolHandler ["http-nio-8080"]
2018-09-14 at 18:13:41 CST INFO  org.apache.juli.logging.DirectJDKLog 180 log - Using a shared selector for servlet write/read
2018-09-14 at 18:13:41 CST INFO  org.springframework.boot.StartupInfoLogger 59 logStarted - Started Application in 5.348 seconds (JVM running for 6.812)
2018-09-14 at 18:13:56 CST INFO  org.apache.juli.logging.DirectJDKLog 180 log - Initializing Spring FrameworkServlet 'dispatcherServlet'
2018-09-14 at 18:14:43 CST INFO  org.springframework.boot.StartupInfoLogger 50 logStarting - Starting Application on 111-PC with PID 13840 (E:\p\platform-mall\platform-api\target\classes started by 111 in E:\p\platform-mall)
2018-09-14 at 18:14:43 CST INFO  org.springframework.boot.SpringApplication 652 logStartupProfileInfo - No active profile set, falling back to default profiles: default
2018-09-14 at 18:14:45 CST INFO  org.apache.juli.logging.DirectJDKLog 180 log - Initializing ProtocolHandler ["http-nio-8080"]
2018-09-14 at 18:14:45 CST INFO  org.apache.juli.logging.DirectJDKLog 180 log - Starting service [Tomcat]
2018-09-14 at 18:14:45 CST INFO  org.apache.juli.logging.DirectJDKLog 180 log - Starting Servlet Engine: Apache Tomcat/8.5.28
2018-09-14 at 18:14:45 CST INFO  org.apache.juli.logging.DirectJDKLog 180 log - The APR based Apache Tomcat Native library which allows optimal performance in production environments was not found on the java.library.path: [D:\Program Files\Java\jdk1.8.0_131\bin;C:\WINDOWS\Sun\Java\bin;C:\WINDOWS\system32;C:\WINDOWS;C:\WINDOWS\system32;C:\WINDOWS;C:\WINDOWS\System32\Wbem;C:\WINDOWS\System32\WindowsPowerShell\v1.0\;C:\WINDOWS\System32\OpenSSH\;D:\Users\111\AppData\Local\Programs\Python\Python36;C:\Program Files\Git\cmd;D:\Users\111\AppData\Local\Programs\Python\Python36\Scripts;D:\Program Files\apache-maven-3.5.0\bin;D:\Program Files\Java\jdk1.8.0_131\bin;D:\Program Files\Java\jdk1.8.0_131\lib\tools.jar;D:\Program Files\Java\jdk1.8.0_131\lib\dt.jar;"D:\Program Files\Java\jdk1.8.0_131\jre\bin;";C:\Users\111\AppData\Local\Microsoft\WindowsApps;;.]
2018-09-14 at 18:14:45 CST INFO  org.apache.juli.logging.DirectJDKLog 180 log - Initializing Spring embedded WebApplicationContext
2018-09-14 at 18:14:45 CST INFO  com.alibaba.druid.pool.DruidDataSource 930 init - {dataSource-1} inited
2018-09-14 at 18:14:46 CST INFO  org.hibernate.jpa.internal.util.LogHelper 31 logPersistenceUnitInformation - HHH000204: Processing PersistenceUnitInfo [
	name: default
	...]
2018-09-14 at 18:14:46 CST INFO  org.hibernate.Version 45 logVersion - HHH000412: Hibernate Core {5.2.14.Final}
2018-09-14 at 18:14:46 CST INFO  org.hibernate.cfg.Environment 213 <clinit> - HHH000206: hibernate.properties not found
2018-09-14 at 18:14:46 CST INFO  org.hibernate.annotations.common.reflection.java.JavaReflectionManager 66 <clinit> - HCANN000001: Hibernate Commons Annotations {5.0.1.Final}
2018-09-14 at 18:14:46 CST INFO  org.hibernate.dialect.Dialect 157 <init> - HHH000400: Using dialect: org.hibernate.dialect.MySQL5Dialect
2018-09-14 at 18:14:48 CST INFO  org.apache.juli.logging.DirectJDKLog 180 log - Starting ProtocolHandler ["http-nio-8080"]
2018-09-14 at 18:14:48 CST INFO  org.apache.juli.logging.DirectJDKLog 180 log - Using a shared selector for servlet write/read
2018-09-14 at 18:14:48 CST INFO  org.springframework.boot.StartupInfoLogger 59 logStarted - Started Application in 5.692 seconds (JVM running for 7.054)
2018-09-14 at 18:14:51 CST INFO  org.apache.juli.logging.DirectJDKLog 180 log - Initializing Spring FrameworkServlet 'dispatcherServlet'
2018-09-14 at 18:16:34 CST INFO  org.springframework.boot.StartupInfoLogger 50 logStarting - Starting Application on 111-PC with PID 15076 (E:\p\platform-mall\platform-api\target\classes started by 111 in E:\p\platform-mall)
2018-09-14 at 18:16:34 CST INFO  org.springframework.boot.SpringApplication 652 logStartupProfileInfo - No active profile set, falling back to default profiles: default
2018-09-14 at 18:16:35 CST INFO  org.apache.juli.logging.DirectJDKLog 180 log - Initializing ProtocolHandler ["http-nio-8080"]
2018-09-14 at 18:16:35 CST INFO  org.apache.juli.logging.DirectJDKLog 180 log - Starting service [Tomcat]
2018-09-14 at 18:16:35 CST INFO  org.apache.juli.logging.DirectJDKLog 180 log - Starting Servlet Engine: Apache Tomcat/8.5.28
2018-09-14 at 18:16:35 CST INFO  org.apache.juli.logging.DirectJDKLog 180 log - The APR based Apache Tomcat Native library which allows optimal performance in production environments was not found on the java.library.path: [D:\Program Files\Java\jdk1.8.0_131\bin;C:\WINDOWS\Sun\Java\bin;C:\WINDOWS\system32;C:\WINDOWS;C:\WINDOWS\system32;C:\WINDOWS;C:\WINDOWS\System32\Wbem;C:\WINDOWS\System32\WindowsPowerShell\v1.0\;C:\WINDOWS\System32\OpenSSH\;D:\Users\111\AppData\Local\Programs\Python\Python36;C:\Program Files\Git\cmd;D:\Users\111\AppData\Local\Programs\Python\Python36\Scripts;D:\Program Files\apache-maven-3.5.0\bin;D:\Program Files\Java\jdk1.8.0_131\bin;D:\Program Files\Java\jdk1.8.0_131\lib\tools.jar;D:\Program Files\Java\jdk1.8.0_131\lib\dt.jar;"D:\Program Files\Java\jdk1.8.0_131\jre\bin;";C:\Users\111\AppData\Local\Microsoft\WindowsApps;;.]
2018-09-14 at 18:16:36 CST INFO  org.apache.juli.logging.DirectJDKLog 180 log - Initializing Spring embedded WebApplicationContext
2018-09-14 at 18:16:36 CST INFO  com.alibaba.druid.pool.DruidDataSource 930 init - {dataSource-1} inited
2018-09-14 at 18:16:36 CST INFO  org.hibernate.jpa.internal.util.LogHelper 31 logPersistenceUnitInformation - HHH000204: Processing PersistenceUnitInfo [
	name: default
	...]
2018-09-14 at 18:16:36 CST INFO  org.hibernate.Version 45 logVersion - HHH000412: Hibernate Core {5.2.14.Final}
2018-09-14 at 18:16:36 CST INFO  org.hibernate.cfg.Environment 213 <clinit> - HHH000206: hibernate.properties not found
2018-09-14 at 18:16:36 CST INFO  org.hibernate.annotations.common.reflection.java.JavaReflectionManager 66 <clinit> - HCANN000001: Hibernate Commons Annotations {5.0.1.Final}
2018-09-14 at 18:16:37 CST INFO  org.hibernate.dialect.Dialect 157 <init> - HHH000400: Using dialect: org.hibernate.dialect.MySQL5Dialect
2018-09-14 at 18:16:38 CST INFO  org.apache.juli.logging.DirectJDKLog 180 log - Starting ProtocolHandler ["http-nio-8080"]
2018-09-14 at 18:16:38 CST INFO  org.apache.juli.logging.DirectJDKLog 180 log - Using a shared selector for servlet write/read
2018-09-14 at 18:16:39 CST INFO  org.springframework.boot.StartupInfoLogger 59 logStarted - Started Application in 5.638 seconds (JVM running for 7.164)
2018-09-14 at 18:16:40 CST INFO  org.apache.juli.logging.DirectJDKLog 180 log - Initializing Spring FrameworkServlet 'dispatcherServlet'
2018-09-14 at 18:17:24 CST INFO  org.springframework.boot.StartupInfoLogger 50 logStarting - Starting Application on 111-PC with PID 13436 (E:\p\platform-mall\platform-api\target\classes started by 111 in E:\p\platform-mall)
2018-09-14 at 18:17:24 CST INFO  org.springframework.boot.SpringApplication 652 logStartupProfileInfo - No active profile set, falling back to default profiles: default
2018-09-14 at 18:17:26 CST INFO  org.apache.juli.logging.DirectJDKLog 180 log - Initializing ProtocolHandler ["http-nio-8080"]
2018-09-14 at 18:17:26 CST INFO  org.apache.juli.logging.DirectJDKLog 180 log - Starting service [Tomcat]
2018-09-14 at 18:17:26 CST INFO  org.apache.juli.logging.DirectJDKLog 180 log - Starting Servlet Engine: Apache Tomcat/8.5.28
2018-09-14 at 18:17:26 CST INFO  org.apache.juli.logging.DirectJDKLog 180 log - The APR based Apache Tomcat Native library which allows optimal performance in production environments was not found on the java.library.path: [D:\Program Files\Java\jdk1.8.0_131\bin;C:\WINDOWS\Sun\Java\bin;C:\WINDOWS\system32;C:\WINDOWS;C:\WINDOWS\system32;C:\WINDOWS;C:\WINDOWS\System32\Wbem;C:\WINDOWS\System32\WindowsPowerShell\v1.0\;C:\WINDOWS\System32\OpenSSH\;D:\Users\111\AppData\Local\Programs\Python\Python36;C:\Program Files\Git\cmd;D:\Users\111\AppData\Local\Programs\Python\Python36\Scripts;D:\Program Files\apache-maven-3.5.0\bin;D:\Program Files\Java\jdk1.8.0_131\bin;D:\Program Files\Java\jdk1.8.0_131\lib\tools.jar;D:\Program Files\Java\jdk1.8.0_131\lib\dt.jar;"D:\Program Files\Java\jdk1.8.0_131\jre\bin;";C:\Users\111\AppData\Local\Microsoft\WindowsApps;;.]
2018-09-14 at 18:17:26 CST INFO  org.apache.juli.logging.DirectJDKLog 180 log - Initializing Spring embedded WebApplicationContext
2018-09-14 at 18:17:26 CST INFO  com.alibaba.druid.pool.DruidDataSource 930 init - {dataSource-1} inited
2018-09-14 at 18:17:27 CST INFO  org.hibernate.jpa.internal.util.LogHelper 31 logPersistenceUnitInformation - HHH000204: Processing PersistenceUnitInfo [
	name: default
	...]
2018-09-14 at 18:17:27 CST INFO  org.hibernate.Version 45 logVersion - HHH000412: Hibernate Core {5.2.14.Final}
2018-09-14 at 18:17:27 CST INFO  org.hibernate.cfg.Environment 213 <clinit> - HHH000206: hibernate.properties not found
2018-09-14 at 18:17:27 CST INFO  org.hibernate.annotations.common.reflection.java.JavaReflectionManager 66 <clinit> - HCANN000001: Hibernate Commons Annotations {5.0.1.Final}
2018-09-14 at 18:17:27 CST INFO  org.hibernate.dialect.Dialect 157 <init> - HHH000400: Using dialect: org.hibernate.dialect.MySQL5Dialect
2018-09-14 at 18:17:29 CST INFO  org.apache.juli.logging.DirectJDKLog 180 log - Starting ProtocolHandler ["http-nio-8080"]
2018-09-14 at 18:17:29 CST INFO  org.apache.juli.logging.DirectJDKLog 180 log - Using a shared selector for servlet write/read
2018-09-14 at 18:17:29 CST INFO  org.springframework.boot.StartupInfoLogger 59 logStarted - Started Application in 5.302 seconds (JVM running for 6.685)
2018-09-14 at 18:18:03 CST INFO  org.apache.juli.logging.DirectJDKLog 180 log - Initializing Spring FrameworkServlet 'dispatcherServlet'
2018-09-14 at 18:34:32 CST INFO  org.springframework.boot.StartupInfoLogger 50 logStarting - Starting Application on 111-PC with PID 4828 (E:\p\platform-mall\platform-api\target\classes started by 111 in E:\p\platform-mall)
2018-09-14 at 18:34:32 CST INFO  org.springframework.boot.SpringApplication 652 logStartupProfileInfo - No active profile set, falling back to default profiles: default
2018-09-14 at 18:34:36 CST INFO  org.apache.juli.logging.DirectJDKLog 180 log - Initializing ProtocolHandler ["http-nio-8080"]
2018-09-14 at 18:34:36 CST INFO  org.apache.juli.logging.DirectJDKLog 180 log - Starting service [Tomcat]
2018-09-14 at 18:34:36 CST INFO  org.apache.juli.logging.DirectJDKLog 180 log - Starting Servlet Engine: Apache Tomcat/8.5.28
2018-09-14 at 18:34:36 CST INFO  org.apache.juli.logging.DirectJDKLog 180 log - The APR based Apache Tomcat Native library which allows optimal performance in production environments was not found on the java.library.path: [D:\Program Files\Java\jdk1.8.0_131\bin;C:\WINDOWS\Sun\Java\bin;C:\WINDOWS\system32;C:\WINDOWS;C:\WINDOWS\system32;C:\WINDOWS;C:\WINDOWS\System32\Wbem;C:\WINDOWS\System32\WindowsPowerShell\v1.0\;C:\WINDOWS\System32\OpenSSH\;D:\Users\111\AppData\Local\Programs\Python\Python36;C:\Program Files\Git\cmd;D:\Users\111\AppData\Local\Programs\Python\Python36\Scripts;D:\Program Files\apache-maven-3.5.0\bin;D:\Program Files\Java\jdk1.8.0_131\bin;D:\Program Files\Java\jdk1.8.0_131\lib\tools.jar;D:\Program Files\Java\jdk1.8.0_131\lib\dt.jar;"D:\Program Files\Java\jdk1.8.0_131\jre\bin;";C:\Users\111\AppData\Local\Microsoft\WindowsApps;;.]
2018-09-14 at 18:34:37 CST INFO  org.apache.juli.logging.DirectJDKLog 180 log - Initializing Spring embedded WebApplicationContext
2018-09-14 at 18:34:37 CST INFO  com.alibaba.druid.pool.DruidDataSource 930 init - {dataSource-1} inited
2018-09-14 at 18:34:38 CST INFO  org.hibernate.jpa.internal.util.LogHelper 31 logPersistenceUnitInformation - HHH000204: Processing PersistenceUnitInfo [
	name: default
	...]
2018-09-14 at 18:34:38 CST INFO  org.hibernate.Version 45 logVersion - HHH000412: Hibernate Core {5.2.14.Final}
2018-09-14 at 18:34:38 CST INFO  org.hibernate.cfg.Environment 213 <clinit> - HHH000206: hibernate.properties not found
2018-09-14 at 18:34:40 CST INFO  org.hibernate.annotations.common.reflection.java.JavaReflectionManager 66 <clinit> - HCANN000001: Hibernate Commons Annotations {5.0.1.Final}
2018-09-14 at 18:34:41 CST INFO  org.hibernate.dialect.Dialect 157 <init> - HHH000400: Using dialect: org.hibernate.dialect.MySQL5Dialect
2018-09-14 at 18:34:44 CST INFO  org.apache.juli.logging.DirectJDKLog 180 log - Starting ProtocolHandler ["http-nio-8080"]
2018-09-14 at 18:34:44 CST INFO  org.apache.juli.logging.DirectJDKLog 180 log - Using a shared selector for servlet write/read
2018-09-14 at 18:34:44 CST INFO  org.springframework.boot.StartupInfoLogger 59 logStarted - Started Application in 12.455 seconds (JVM running for 14.739)
2018-09-14 at 18:34:53 CST INFO  org.apache.juli.logging.DirectJDKLog 180 log - Initializing Spring FrameworkServlet 'dispatcherServlet'
2018-09-14 at 18:35:12 CST INFO  org.springframework.boot.StartupInfoLogger 50 logStarting - Starting Application on 111-PC with PID 8176 (E:\p\platform-mall\platform-api\target\classes started by 111 in E:\p\platform-mall)
2018-09-14 at 18:35:12 CST INFO  org.springframework.boot.SpringApplication 652 logStartupProfileInfo - No active profile set, falling back to default profiles: default
2018-09-14 at 18:35:14 CST INFO  org.apache.juli.logging.DirectJDKLog 180 log - Initializing ProtocolHandler ["http-nio-8080"]
2018-09-14 at 18:35:14 CST INFO  org.apache.juli.logging.DirectJDKLog 180 log - Starting service [Tomcat]
2018-09-14 at 18:35:14 CST INFO  org.apache.juli.logging.DirectJDKLog 180 log - Starting Servlet Engine: Apache Tomcat/8.5.28
2018-09-14 at 18:35:14 CST INFO  org.apache.juli.logging.DirectJDKLog 180 log - The APR based Apache Tomcat Native library which allows optimal performance in production environments was not found on the java.library.path: [D:\Program Files\Java\jdk1.8.0_131\bin;C:\WINDOWS\Sun\Java\bin;C:\WINDOWS\system32;C:\WINDOWS;C:\WINDOWS\system32;C:\WINDOWS;C:\WINDOWS\System32\Wbem;C:\WINDOWS\System32\WindowsPowerShell\v1.0\;C:\WINDOWS\System32\OpenSSH\;D:\Users\111\AppData\Local\Programs\Python\Python36;C:\Program Files\Git\cmd;D:\Users\111\AppData\Local\Programs\Python\Python36\Scripts;D:\Program Files\apache-maven-3.5.0\bin;D:\Program Files\Java\jdk1.8.0_131\bin;D:\Program Files\Java\jdk1.8.0_131\lib\tools.jar;D:\Program Files\Java\jdk1.8.0_131\lib\dt.jar;"D:\Program Files\Java\jdk1.8.0_131\jre\bin;";C:\Users\111\AppData\Local\Microsoft\WindowsApps;;.]
2018-09-14 at 18:35:14 CST INFO  org.apache.juli.logging.DirectJDKLog 180 log - Initializing Spring embedded WebApplicationContext
2018-09-14 at 18:35:14 CST INFO  com.alibaba.druid.pool.DruidDataSource 930 init - {dataSource-1} inited
2018-09-14 at 18:35:15 CST INFO  org.hibernate.jpa.internal.util.LogHelper 31 logPersistenceUnitInformation - HHH000204: Processing PersistenceUnitInfo [
	name: default
	...]
2018-09-14 at 18:35:15 CST INFO  org.hibernate.Version 45 logVersion - HHH000412: Hibernate Core {5.2.14.Final}
2018-09-14 at 18:35:15 CST INFO  org.hibernate.cfg.Environment 213 <clinit> - HHH000206: hibernate.properties not found
2018-09-14 at 18:35:15 CST INFO  org.hibernate.annotations.common.reflection.java.JavaReflectionManager 66 <clinit> - HCANN000001: Hibernate Commons Annotations {5.0.1.Final}
2018-09-14 at 18:35:15 CST INFO  org.hibernate.dialect.Dialect 157 <init> - HHH000400: Using dialect: org.hibernate.dialect.MySQL5Dialect
2018-09-14 at 18:35:17 CST INFO  org.apache.juli.logging.DirectJDKLog 180 log - Starting ProtocolHandler ["http-nio-8080"]
2018-09-14 at 18:35:17 CST INFO  org.apache.juli.logging.DirectJDKLog 180 log - Using a shared selector for servlet write/read
2018-09-14 at 18:35:17 CST INFO  org.springframework.boot.StartupInfoLogger 59 logStarted - Started Application in 5.646 seconds (JVM running for 7.822)
2018-09-14 at 18:35:28 CST INFO  org.apache.juli.logging.DirectJDKLog 180 log - Initializing Spring FrameworkServlet 'dispatcherServlet'
2018-09-14 at 18:36:25 CST INFO  org.springframework.boot.StartupInfoLogger 50 logStarting - Starting Application on 111-PC with PID 6712 (E:\p\platform-mall\platform-api\target\classes started by 111 in E:\p\platform-mall)
2018-09-14 at 18:36:25 CST INFO  org.springframework.boot.SpringApplication 652 logStartupProfileInfo - No active profile set, falling back to default profiles: default
2018-09-14 at 18:36:27 CST INFO  org.apache.juli.logging.DirectJDKLog 180 log - Initializing ProtocolHandler ["http-nio-8080"]
2018-09-14 at 18:36:27 CST INFO  org.apache.juli.logging.DirectJDKLog 180 log - Starting service [Tomcat]
2018-09-14 at 18:36:27 CST INFO  org.apache.juli.logging.DirectJDKLog 180 log - Starting Servlet Engine: Apache Tomcat/8.5.28
2018-09-14 at 18:36:27 CST INFO  org.apache.juli.logging.DirectJDKLog 180 log - The APR based Apache Tomcat Native library which allows optimal performance in production environments was not found on the java.library.path: [D:\Program Files\Java\jdk1.8.0_131\bin;C:\WINDOWS\Sun\Java\bin;C:\WINDOWS\system32;C:\WINDOWS;C:\WINDOWS\system32;C:\WINDOWS;C:\WINDOWS\System32\Wbem;C:\WINDOWS\System32\WindowsPowerShell\v1.0\;C:\WINDOWS\System32\OpenSSH\;D:\Users\111\AppData\Local\Programs\Python\Python36;C:\Program Files\Git\cmd;D:\Users\111\AppData\Local\Programs\Python\Python36\Scripts;D:\Program Files\apache-maven-3.5.0\bin;D:\Program Files\Java\jdk1.8.0_131\bin;D:\Program Files\Java\jdk1.8.0_131\lib\tools.jar;D:\Program Files\Java\jdk1.8.0_131\lib\dt.jar;"D:\Program Files\Java\jdk1.8.0_131\jre\bin;";C:\Users\111\AppData\Local\Microsoft\WindowsApps;;.]
2018-09-14 at 18:36:27 CST INFO  org.apache.juli.logging.DirectJDKLog 180 log - Initializing Spring embedded WebApplicationContext
2018-09-14 at 18:36:27 CST INFO  com.alibaba.druid.pool.DruidDataSource 930 init - {dataSource-1} inited
2018-09-14 at 18:36:28 CST INFO  org.hibernate.jpa.internal.util.LogHelper 31 logPersistenceUnitInformation - HHH000204: Processing PersistenceUnitInfo [
	name: default
	...]
2018-09-14 at 18:36:28 CST INFO  org.hibernate.Version 45 logVersion - HHH000412: Hibernate Core {5.2.14.Final}
2018-09-14 at 18:36:28 CST INFO  org.hibernate.cfg.Environment 213 <clinit> - HHH000206: hibernate.properties not found
2018-09-14 at 18:36:28 CST INFO  org.hibernate.annotations.common.reflection.java.JavaReflectionManager 66 <clinit> - HCANN000001: Hibernate Commons Annotations {5.0.1.Final}
2018-09-14 at 18:36:28 CST INFO  org.hibernate.dialect.Dialect 157 <init> - HHH000400: Using dialect: org.hibernate.dialect.MySQL5Dialect
2018-09-14 at 18:36:30 CST INFO  org.apache.juli.logging.DirectJDKLog 180 log - Starting ProtocolHandler ["http-nio-8080"]
2018-09-14 at 18:36:30 CST INFO  org.apache.juli.logging.DirectJDKLog 180 log - Using a shared selector for servlet write/read
2018-09-14 at 18:36:30 CST INFO  org.springframework.boot.StartupInfoLogger 59 logStarted - Started Application in 5.21 seconds (JVM running for 6.71)
2018-09-14 at 18:37:34 CST INFO  org.apache.juli.logging.DirectJDKLog 180 log - Initializing Spring FrameworkServlet 'dispatcherServlet'
